=== Parameters ===
QualitiesFiles : ../datasets/BreastCancer/qualities.csv
PropertiesFiles : ../datasets/BreastCancer/properties.csv
attrType : NUMERIC
resFolder : NbIterations/BreastCancer/iter_0001000
minSupp : 10
nbLoops : 1000
maxOutput : 50
maxRedundancy : 1.4
maxLength : 5
measure : WRAcc
UCB : UCBSP
refineExpand : TunedGenerator
duplicatesExpand : AMAF
pathLength : -1
refineRollOut : Large
jumpingLarge : 30
rewardPolicy : MaxPath
memoryPolicy : TopK
topKMemory : 1
updatePolicy : Max

=== Result Information ===
date : 07/12/2016 17:37
runtime(ms) : 182
nbPatterns : 50
measures : 0.20 0.19 0.19 0.18 0.14 0.12 0.11 0.07 0.05 0.04 0.04 0.03 0.03 0.02 0.02 0.02 0.02 0.02 0.01 0.01 0.01 0.01 0.01 0.01 0.01 0.01 0.01 0.01 0.01 0.01 0.01 0.00 0.00 0.00 0.00 0.00 0.00 0.00 0.00 0.00 0.00 0.00 0.00 0.00 0.00 0.00 0.00 0.00 0.00 0.00
descriptionLength : 4 2 3 4 3 5 5 3 3 5 3 5 3 3 4 4 5 5 4 3 5 3 4 4 4 5 5 4 3 4 2 4 3 5 5 4 5 5 5 2 5 5 4 2 3 4 4 5 4 5