[1.0 <= "Uniformity_Of_Cell_Size" <= 7.0], [1.0 <= "Marginal_Adhesion" <= 9.0], [-999.0 <= "Bare_Nuclei" <= 3.0]	[Benign]	0.19818215681097665	436.0	18.0	22.0
[1.0 <= "Clump_Thickness" <= 6.0], [1.0 <= "Uniformity_Of_Cell_Shape" <= 8.0], ["Single_Epithelial_Cell_Size" = 2.0]	[Benign]	0.17243722382885013	361.0	6.0	97.0
[1.0 <= "Bland_Chromatin" <= 5.0], [1.0 <= "Normal_Nucleoli" <= 9.0]	[Benign]	0.13853430508738215	450.0	89.0	8.0
[2.0 <= "Single_Epithelial_Cell_Size" <= 6.0], [1.0 <= "Mitoses" <= 8.0], ["?" = 0.0]	[Benign]	0.03621769091753806	406.0	175.0	52.0
[1.0 <= "Clump_Thickness" <= 4.0], [-999.0 <= "Bare_Nuclei" <= 2.0], [2.0 <= "Normal_Nucleoli" <= 10.0]	[Benign]	0.013366734820436307	29.0	1.0	429.0
[2.0 <= "Uniformity_Of_Cell_Shape" <= 10.0], [1.0 <= "Single_Epithelial_Cell_Size" <= 8.0], ["Normal_Nucleoli" = 1.0], ["?" = 0.0]	[Benign]	0.004727784020090016	78.0	36.0	380.0
[4.0 <= "Clump_Thickness" <= 10.0], ["Uniformity_Of_Cell_Size" = 10.0], [4.0 <= "Single_Epithelial_Cell_Size" <= 8.0], [-999.0 <= "Bare_Nuclei" <= 9.0], ["?" = 0.0]	[Benign]	0.0	0.0	21.0	458.0
[1.0 <= "Clump_Thickness" <= 8.0], [3.0 <= "Uniformity_Of_Cell_Size" <= 10.0], [7.0 <= "Marginal_Adhesion" <= 10.0], ["?" = 0.0]	[Benign]	0.0	1.0	69.0	457.0
[2.0 <= "Uniformity_Of_Cell_Size" <= 10.0], ["Single_Epithelial_Cell_Size" = 4.0], [1.0 <= "Bland_Chromatin" <= 7.0]	[Benign]	0.0	4.0	29.0	454.0
[2.0 <= "Mitoses" <= 10.0]	[Benign]	0.0	13.0	107.0	445.0
[1.0 <= "Uniformity_Of_Cell_Size" <= 9.0], [1.0 <= "Bland_Chromatin" <= 4.0], [2.0 <= "Normal_Nucleoli" <= 10.0], [3.0 <= "Mitoses" <= 10.0]	[Benign]	0.0	2.0	15.0	456.0
[4.0 <= "Uniformity_Of_Cell_Size" <= 10.0], [2.0 <= "Marginal_Adhesion" <= 10.0], [-999.0 <= "Bare_Nuclei" <= 2.0], [1.0 <= "Bland_Chromatin" <= 9.0], [2.0 <= "Normal_Nucleoli" <= 10.0]	[Benign]	0.0	3.0	13.0	455.0
[2.0 <= "Marginal_Adhesion" <= 10.0], ["Bare_Nuclei" = 10.0], [2.0 <= "Bland_Chromatin" <= 10.0], [5.0 <= "Mitoses" <= 10.0], ["?" = 0.0]	[Benign]	0.0	0.0	19.0	458.0
[6.0 <= "Clump_Thickness" <= 10.0], [2.0 <= "Uniformity_Of_Cell_Shape" <= 10.0], ["Normal_Nucleoli" = 10.0], ["Mitoses" = 1.0]	[Benign]	0.0	0.0	18.0	458.0
[2.0 <= "Marginal_Adhesion" <= 10.0], [1.0 <= "Single_Epithelial_Cell_Size" <= 8.0], [4.0 <= "Bare_Nuclei" <= 10.0], ["Normal_Nucleoli" = 3.0], ["?" = 0.0]	[Benign]	0.0	1.0	17.0	457.0
[2.0 <= "Uniformity_Of_Cell_Size" <= 5.0], [3.0 <= "Uniformity_Of_Cell_Shape" <= 10.0], [6.0 <= "Bland_Chromatin" <= 10.0]	[Benign]	0.0	4.0	38.0	454.0
[3.0 <= "Uniformity_Of_Cell_Shape" <= 10.0], [1.0 <= "Marginal_Adhesion" <= 4.0], [5.0 <= "Single_Epithelial_Cell_Size" <= 6.0], [1.0 <= "Bare_Nuclei" <= 10.0], [2.0 <= "Bland_Chromatin" <= 10.0]	[Benign]	0.0	2.0	24.0	456.0
[2.0 <= "Marginal_Adhesion" <= 9.0]	[Benign]	0.0	82.0	155.0	376.0
[1.0 <= "Uniformity_Of_Cell_Shape" <= 5.0], [8.0 <= "Bare_Nuclei" <= 10.0], [6.0 <= "Bland_Chromatin" <= 10.0], [2.0 <= "Mitoses" <= 8.0]	[Benign]	0.0	0.0	12.0	458.0
[1.0 <= "Clump_Thickness" <= 9.0], [2.0 <= "Bland_Chromatin" <= 10.0], [5.0 <= "Normal_Nucleoli" <= 9.0]	[Benign]	0.0	13.0	60.0	445.0
[9.0 <= "Uniformity_Of_Cell_Size" <= 10.0], [4.0 <= "Marginal_Adhesion" <= 10.0], [2.0 <= "Normal_Nucleoli" <= 10.0], [1.0 <= "Mitoses" <= 4.0], ["?" = 0.0]	[Benign]	0.0	1.0	31.0	457.0
[2.0 <= "Clump_Thickness" <= 10.0], ["Uniformity_Of_Cell_Shape" = 10.0], [1.0 <= "Mitoses" <= 5.0]	[Benign]	0.0	0.0	42.0	458.0
[9.0 <= "Clump_Thickness" <= 10.0], [1.0 <= "Marginal_Adhesion" <= 2.0], [2.0 <= "Bland_Chromatin" <= 8.0], [1.0 <= "Normal_Nucleoli" <= 9.0]	[Benign]	0.0	0.0	18.0	458.0
[3.0 <= "Uniformity_Of_Cell_Size" <= 8.0], [2.0 <= "Marginal_Adhesion" <= 10.0], [3.0 <= "Single_Epithelial_Cell_Size" <= 10.0], [7.0 <= "Bland_Chromatin" <= 8.0], [1.0 <= "Normal_Nucleoli" <= 5.0]	[Benign]	0.0	1.0	22.0	457.0
