=== Parameters ===
QualitiesFiles : ../datasets/BreastCancer/qualities.csv
PropertiesFiles : ../datasets/BreastCancer/properties.csv
attrType : NUMERIC
resFolder : NbIterations/BreastCancer/iter_0050000
minSupp : 10
nbLoops : 50000
maxOutput : 50
maxRedundancy : 1.4
maxLength : 5
measure : WRAcc
UCB : UCBSP
refineExpand : TunedGenerator
duplicatesExpand : AMAF
pathLength : -1
refineRollOut : Large
jumpingLarge : 30
rewardPolicy : MaxPath
memoryPolicy : TopK
topKMemory : 1
updatePolicy : Max

=== Result Information ===
date : 07/12/2016 17:37
runtime(ms) : 2209
nbPatterns : 50
measures : 0.21 0.20 0.19 0.17 0.16 0.13 0.13 0.12 0.11 0.10 0.10 0.08 0.08 0.07 0.07 0.06 0.06 0.06 0.05 0.04 0.04 0.04 0.04 0.04 0.03 0.03 0.03 0.03 0.03 0.03 0.02 0.02 0.02 0.02 0.02 0.02 0.02 0.02 0.02 0.02 0.02 0.02 0.02 0.02 0.02 0.02 0.02 0.01 0.01 0.01
descriptionLength : 5 5 3 1 1 5 5 3 4 3 5 5 3 5 5 5 5 3 5 5 4 5 3 5 5 3 4 5 2 5 5 3 5 3 4 5 4 5 5 5 5 5 5 5 5 5 5 5 4 4