=== Parameters ===
QualitiesFiles : dataBenchmark/BreastCancer/qualities.csv
PropertiesFiles : dataBenchmark/BreastCancer/properties.csv
attrType : NUMERIC
resFolder : BreastCancer
minSupp : 10
nbLoops : 10000
maxOutput : 50
maxRedundancy : 1.4
maxLength : 5
measure : WRAcc
UCB : UCBSP
refineExpand : TunedGenerator
duplicatesExpand : AMAF
pathLength : -1
refineRollOut : Large
jumpingLarge : 10
rewardPolicy : MaxPath
memoryPolicy : TopK
topKMemory : 1
updatePolicy : Max

=== Result Information ===
date : 04/12/2016 19:19
runtime(ms) : 669
nbPatterns : 50
measures : 0.21 0.20 0.19 0.16 0.15 0.12 0.12 0.09 0.09 0.08 0.08 0.07 0.07 0.06 0.06 0.05 0.05 0.05 0.04 0.03 0.03 0.03 0.03 0.03 0.03 0.03 0.03 0.02 0.02 0.02 0.02 0.02 0.02 0.02 0.02 0.02 0.02 0.02 0.02 0.02 0.02 0.02 0.02 0.01 0.01 0.01 0.01 0.01 0.01 0.01
descriptionLength : 5 4 5 1 3 5 3 5 4 4 2 3 2 3 4 5 5 5 5 5 5 5 3 5 3 4 4 4 5 2 5 4 3 4 4 5 5 2 5 5 4 5 5 5 5 4 5 5 4 5