[1.0 <= "Clump_Thickness" <= 8.0], [1.0 <= "Uniformity_Of_Cell_Shape" <= 4.0], [1.0 <= "Marginal_Adhesion" <= 9.0], [1.0 <= "Single_Epithelial_Cell_Size" <= 5.0], [1.0 <= "Normal_Nucleoli" <= 3.0]	[Benign]	0.20711173329567484	437.0	9.0	21.0
[1.0 <= "Uniformity_Of_Cell_Size" <= 2.0], [-999.0 <= "Bare_Nuclei" <= 7.0], [1.0 <= "Bland_Chromatin" <= 5.0], [1.0 <= "Normal_Nucleoli" <= 9.0]	[Benign]	0.19902333396779787	413.0	5.0	45.0
[1.0 <= "Uniformity_Of_Cell_Size" <= 9.0], [1.0 <= "Uniformity_Of_Cell_Shape" <= 2.0], [1.0 <= "Bare_Nuclei" <= 10.0], [1.0 <= "Mitoses" <= 7.0], ["?" = 0.0]	[Benign]	0.1877769386472807	394.0	7.0	64.0
["Single_Epithelial_Cell_Size" = 2.0]	[Benign]	0.1574884210224703	363.0	23.0	95.0
[1.0 <= "Clump_Thickness" <= 4.0], [1.0 <= "Uniformity_Of_Cell_Size" <= 4.0], ["Normal_Nucleoli" = 1.0]	[Benign]	0.15408891917945314	320.0	4.0	138.0
[2.0 <= "Clump_Thickness" <= 8.0], [1.0 <= "Uniformity_Of_Cell_Size" <= 5.0], [1.0 <= "Single_Epithelial_Cell_Size" <= 2.0], [1.0 <= "Bland_Chromatin" <= 7.0], [1.0 <= "Mitoses" <= 5.0]	[Benign]	0.12434481304786527	273.0	11.0	185.0
["Uniformity_Of_Cell_Size" = 1.0], [1.0 <= "Marginal_Adhesion" <= 5.0], [2.0 <= "Bland_Chromatin" <= 7.0]	[Benign]	0.12000589438007701	249.0	3.0	209.0
[2.0 <= "Clump_Thickness" <= 10.0], [2.0 <= "Single_Epithelial_Cell_Size" <= 10.0], [1.0 <= "Bare_Nuclei" <= 2.0], [1.0 <= "Bland_Chromatin" <= 2.0], ["?" = 0.0]	[Benign]	0.08686023974572298	178.0	1.0	280.0
[1.0 <= "Clump_Thickness" <= 2.0], [1.0 <= "Uniformity_Of_Cell_Shape" <= 8.0], [1.0 <= "Bare_Nuclei" <= 10.0], [1.0 <= "Bland_Chromatin" <= 3.0]	[Benign]	0.08636699474622443	177.0	1.0	281.0
[1.0 <= "Clump_Thickness" <= 3.0], [-999.0 <= "Bare_Nuclei" <= 8.0], [2.0 <= "Bland_Chromatin" <= 10.0], [1.0 <= "Mitoses" <= 7.0]	[Benign]	0.08424460858655633	186.0	8.0	272.0
[1.0 <= "Clump_Thickness" <= 6.0], ["Bland_Chromatin" = 2.0]	[Benign]	0.07605796959072947	158.0	2.0	300.0
[1.0 <= "Clump_Thickness" <= 8.0], ["Bland_Chromatin" = 1.0], [1.0 <= "Normal_Nucleoli" <= 8.0]	[Benign]	0.07304937975976307	150.0	1.0	308.0
["Clump_Thickness" = 1.0], [1.0 <= "Marginal_Adhesion" <= 9.0]	[Benign]	0.06910341976377453	142.0	1.0	316.0
[3.0 <= "Clump_Thickness" <= 4.0], [1.0 <= "Single_Epithelial_Cell_Size" <= 8.0], [1.0 <= "Mitoses" <= 3.0]	[Benign]	0.0621447766173217	164.0	20.0	294.0
[3.0 <= "Clump_Thickness" <= 10.0], ["Uniformity_Of_Cell_Shape" = 1.0], [2.0 <= "Single_Epithelial_Cell_Size" <= 10.0], [2.0 <= "Bland_Chromatin" <= 10.0]	[Benign]	0.05677229477631033	117.0	1.0	341.0
[1.0 <= "Uniformity_Of_Cell_Size" <= 4.0], [1.0 <= "Single_Epithelial_Cell_Size" <= 2.0], ["Bland_Chromatin" = 3.0], [1.0 <= "Normal_Nucleoli" <= 9.0], ["?" = 0.0]	[Benign]	0.05445342928074236	118.0	4.0	340.0
[1.0 <= "Single_Epithelial_Cell_Size" <= 9.0], [1.0 <= "Bare_Nuclei" <= 6.0], [3.0 <= "Bland_Chromatin" <= 7.0], [1.0 <= "Normal_Nucleoli" <= 3.0], ["Mitoses" = 1.0]	[Benign]	0.05415666361714364	125.0	8.0	333.0
[2.0 <= "Clump_Thickness" <= 3.0], [1.0 <= "Uniformity_Of_Cell_Size" <= 2.0], ["Marginal_Adhesion" = 1.0], [2.0 <= "Single_Epithelial_Cell_Size" <= 10.0], [1.0 <= "Bare_Nuclei" <= 10.0]	[Benign]	0.0483380099508597	98.0	0.0	360.0
[5.0 <= "Clump_Thickness" <= 8.0], [-999.0 <= "Bare_Nuclei" <= 3.0], [1.0 <= "Bland_Chromatin" <= 3.0], [1.0 <= "Mitoses" <= 8.0], ["?" = 0.0]	[Benign]	0.04118493412825599	93.0	5.0	365.0
[1.0 <= "Clump_Thickness" <= 5.0], [1.0 <= "Uniformity_Of_Cell_Size" <= 3.0], [2.0 <= "Uniformity_Of_Cell_Shape" <= 8.0], [-999.0 <= "Bare_Nuclei" <= 8.0], [1.0 <= "Mitoses" <= 4.0]	[Benign]	0.034920108636699476	86.0	8.0	372.0
[2.0 <= "Uniformity_Of_Cell_Shape" <= 10.0], [1.0 <= "Marginal_Adhesion" <= 3.0], [1.0 <= "Single_Epithelial_Cell_Size" <= 8.0], ["Bare_Nuclei" = 1.0], ["?" = 0.0]	[Benign]	0.03275064930280536	74.0	4.0	384.0
[3.0 <= "Clump_Thickness" <= 7.0], [1.0 <= "Uniformity_Of_Cell_Shape" <= 2.0], [3.0 <= "Bland_Chromatin" <= 6.0], [1.0 <= "Mitoses" <= 3.0], ["?" = 0.0]	[Benign]	0.03260328980088048	68.0	1.0	390.0
[2.0 <= "Single_Epithelial_Cell_Size" <= 5.0], [2.0 <= "Bland_Chromatin" <= 10.0], [1.0 <= "Mitoses" <= 2.0]	[Benign]	0.030953682043221353	268.0	108.0	190.0
[1.0 <= "Uniformity_Of_Cell_Size" <= 9.0], [1.0 <= "Uniformity_Of_Cell_Shape" <= 2.0], [2.0 <= "Marginal_Adhesion" <= 10.0], [1.0 <= "Single_Epithelial_Cell_Size" <= 8.0], [-999.0 <= "Bare_Nuclei" <= 7.0]	[Benign]	0.030137064803387632	63.0	1.0	395.0
[4.0 <= "Clump_Thickness" <= 10.0], [1.0 <= "Bare_Nuclei" <= 8.0], [1.0 <= "Normal_Nucleoli" <= 8.0]	[Benign]	0.02849769034447332	168.0	58.0	290.0
[1.0 <= "Uniformity_Of_Cell_Size" <= 9.0], [3.0 <= "Bland_Chromatin" <= 10.0], ["Normal_Nucleoli" = 1.0], [1.0 <= "Mitoses" <= 3.0]	[Benign]	0.027171454827149357	114.0	31.0	344.0
["Uniformity_Of_Cell_Size" = 1.0], [2.0 <= "Uniformity_Of_Cell_Shape" <= 8.0], [1.0 <= "Bland_Chromatin" <= 6.0], [1.0 <= "Normal_Nucleoli" <= 9.0]	[Benign]	0.025155494974426987	51.0	0.0	407.0
[2.0 <= "Clump_Thickness" <= 10.0], [2.0 <= "Uniformity_Of_Cell_Shape" <= 3.0], [1.0 <= "Bare_Nuclei" <= 4.0], [1.0 <= "Normal_Nucleoli" <= 2.0]	[Benign]	0.02476048964287834	54.0	2.0	404.0
[1.0 <= "Clump_Thickness" <= 8.0], ["Uniformity_Of_Cell_Shape" = 2.0], [1.0 <= "Marginal_Adhesion" <= 7.0], [1.0 <= "Bland_Chromatin" <= 7.0], ["?" = 0.0]	[Benign]	0.024218124809404808	51.0	1.0	407.0
[4.0 <= "Clump_Thickness" <= 5.0], [1.0 <= "Mitoses" <= 8.0]	[Benign]	0.023911125847061322	153.0	55.0	305.0
["Clump_Thickness" = 4.0], [2.0 <= "Single_Epithelial_Cell_Size" <= 10.0], [1.0 <= "Normal_Nucleoli" <= 9.0], [1.0 <= "Mitoses" <= 5.0], ["?" = 0.0]	[Benign]	0.023624593482207367	65.0	9.0	393.0
[1.0 <= "Clump_Thickness" <= 4.0], [1.0 <= "Uniformity_Of_Cell_Shape" <= 7.0], [2.0 <= "Marginal_Adhesion" <= 7.0], [1.0 <= "Bare_Nuclei" <= 3.0]	[Benign]	0.022689269976934146	46.0	0.0	412.0
["Uniformity_Of_Cell_Size" = 1.0], [2.0 <= "Marginal_Adhesion" <= 9.0], [1.0 <= "Normal_Nucleoli" <= 4.0]	[Benign]	0.022245144811410534	47.0	1.0	411.0
[1.0 <= "Clump_Thickness" <= 7.0], [1.0 <= "Marginal_Adhesion" <= 9.0], ["Single_Epithelial_Cell_Size" = 1.0], [1.0 <= "Mitoses" <= 8.0]	[Benign]	0.02175189981191197	46.0	1.0	412.0
["Clump_Thickness" = 2.0], [1.0 <= "Single_Epithelial_Cell_Size" <= 8.0], [1.0 <= "Bland_Chromatin" <= 3.0], [1.0 <= "Normal_Nucleoli" <= 7.0]	[Benign]	0.021258654812413406	45.0	1.0	413.0
[2.0 <= "Uniformity_Of_Cell_Size" <= 9.0], [1.0 <= "Uniformity_Of_Cell_Shape" <= 8.0], [1.0 <= "Bare_Nuclei" <= 2.0], [1.0 <= "Bland_Chromatin" <= 4.0], [1.0 <= "Mitoses" <= 8.0]	[Benign]	0.021011008982789642	54.0	6.0	404.0
[2.0 <= "Uniformity_Of_Cell_Shape" <= 4.0], [1.0 <= "Marginal_Adhesion" <= 9.0], [2.0 <= "Bland_Chromatin" <= 10.0], ["Normal_Nucleoli" = 1.0], [1.0 <= "Mitoses" <= 8.0]	[Benign]	0.018593903819271757	51.0	7.0	407.0
[1.0 <= "Uniformity_Of_Cell_Size" <= 3.0], [2.0 <= "Marginal_Adhesion" <= 5.0]	[Benign]	0.018591857159522805	70.0	17.0	388.0
[2.0 <= "Uniformity_Of_Cell_Size" <= 10.0], [-999.0 <= "Bare_Nuclei" <= 8.0], [1.0 <= "Bland_Chromatin" <= 2.0], [1.0 <= "Normal_Nucleoli" <= 8.0], ["?" = 0.0]	[Benign]	0.016966809318851167	42.0	4.0	416.0
[4.0 <= "Clump_Thickness" <= 10.0], [1.0 <= "Marginal_Adhesion" <= 9.0], [1.0 <= "Single_Epithelial_Cell_Size" <= 2.0], [3.0 <= "Bland_Chromatin" <= 7.0], [1.0 <= "Normal_Nucleoli" <= 2.0]	[Benign]	0.016966809318851167	42.0	4.0	416.0
[1.0 <= "Uniformity_Of_Cell_Shape" <= 2.0], [1.0 <= "Marginal_Adhesion" <= 5.0], [1.0 <= "Bland_Chromatin" <= 9.0], [2.0 <= "Normal_Nucleoli" <= 8.0]	[Benign]	0.015882079651904107	36.0	2.0	422.0
[2.0 <= "Uniformity_Of_Cell_Size" <= 7.0], [1.0 <= "Uniformity_Of_Cell_Shape" <= 2.0], [1.0 <= "Marginal_Adhesion" <= 4.0], ["Normal_Nucleoli" = 1.0], [1.0 <= "Mitoses" <= 2.0]	[Benign]	0.015388834652405543	35.0	2.0	423.0
[2.0 <= "Marginal_Adhesion" <= 10.0], [1.0 <= "Single_Epithelial_Cell_Size" <= 3.0], ["Bare_Nuclei" = 1.0], [2.0 <= "Bland_Chromatin" <= 10.0], ["Mitoses" = 1.0]	[Benign]	0.01529059498445562	31.0	0.0	427.0
[1.0 <= "Uniformity_Of_Cell_Shape" <= 3.0], [2.0 <= "Single_Epithelial_Cell_Size" <= 4.0], [2.0 <= "Normal_Nucleoli" <= 3.0], [1.0 <= "Mitoses" <= 6.0], ["?" = 0.0]	[Benign]	0.014944709486881938	36.0	3.0	422.0
["Uniformity_Of_Cell_Size" = 2.0], [1.0 <= "Uniformity_Of_Cell_Shape" <= 8.0], [1.0 <= "Marginal_Adhesion" <= 9.0], [1.0 <= "Single_Epithelial_Cell_Size" <= 2.0], ["?" = 0.0]	[Benign]	0.014895589652906972	34.0	2.0	424.0
[1.0 <= "Clump_Thickness" <= 8.0], ["Uniformity_Of_Cell_Shape" = 1.0], [2.0 <= "Bare_Nuclei" <= 9.0], [1.0 <= "Bland_Chromatin" <= 7.0]	[Benign]	0.014353224819433444	31.0	1.0	427.0
[1.0 <= "Clump_Thickness" <= 8.0], [1.0 <= "Single_Epithelial_Cell_Size" <= 8.0], [-999.0 <= "Bare_Nuclei" <= 8.0], ["Normal_Nucleoli" = 2.0], [1.0 <= "Mitoses" <= 4.0]	[Benign]	0.014304104985458484	29.0	0.0	429.0
["Marginal_Adhesion" = 2.0], [1.0 <= "Single_Epithelial_Cell_Size" <= 2.0], [1.0 <= "Bland_Chromatin" <= 7.0], [1.0 <= "Mitoses" <= 8.0], ["?" = 0.0]	[Benign]	0.013909099653909835	32.0	2.0	426.0
[2.0 <= "Marginal_Adhesion" <= 6.0], [1.0 <= "Single_Epithelial_Cell_Size" <= 7.0], ["Bland_Chromatin" = 1.0], ["?" = 0.0]	[Benign]	0.013859979819934878	30.0	1.0	428.0
["Uniformity_Of_Cell_Size" = 1.0], [1.0 <= "Uniformity_Of_Cell_Shape" <= 3.0], [2.0 <= "Single_Epithelial_Cell_Size" <= 8.0], [2.0 <= "Bare_Nuclei" <= 5.0], ["?" = 0.0]	[Benign]	0.013859979819934878	30.0	1.0	428.0
