[1.0 <= "Uniformity_Of_Cell_Size" <= 5.0], [1.0 <= "Uniformity_Of_Cell_Shape" <= 4.0], [-999.0 <= "Bare_Nuclei" <= 4.0], [1.0 <= "Mitoses" <= 8.0]	[Benign]	0.20425050296663333	435.0	11.0	23.0
[1.0 <= "Marginal_Adhesion" <= 6.0], [1.0 <= "Single_Epithelial_Cell_Size" <= 5.0], [1.0 <= "Bland_Chromatin" <= 8.0]	[Benign]	0.13429157942779488	449.0	93.0	9.0
[1.0 <= "Clump_Thickness" <= 8.0], [1.0 <= "Normal_Nucleoli" <= 9.0]	[Benign]	0.11717127062777194	458.0	116.0	0.0
[2.0 <= "Clump_Thickness" <= 4.0], ["Mitoses" = 1.0]	[Benign]	0.08192369643123938	206.0	21.0	252.0
[1.0 <= "Uniformity_Of_Cell_Shape" <= 8.0]	[Benign]	0.06092906072644138	458.0	176.0	0.0
[1.0 <= "Uniformity_Of_Cell_Shape" <= 6.0], [2.0 <= "Marginal_Adhesion" <= 10.0], [-999.0 <= "Bare_Nuclei" <= 9.0], ["Normal_Nucleoli" = 1.0], [1.0 <= "Mitoses" <= 6.0]	[Benign]	0.022983988980783913	58.0	6.0	400.0
[2.0 <= "Clump_Thickness" <= 10.0], [1.0 <= "Uniformity_Of_Cell_Size" <= 2.0], ["Single_Epithelial_Cell_Size" = 1.0], [1.0 <= "Normal_Nucleoli" <= 2.0], ["?" = 0.0]	[Benign]	0.009914019823946331	22.0	1.0	436.0
[2.0 <= "Uniformity_Of_Cell_Size" <= 10.0], [2.0 <= "Uniformity_Of_Cell_Shape" <= 3.0], [1.0 <= "Marginal_Adhesion" <= 2.0], [1.0 <= "Bland_Chromatin" <= 5.0], [1.0 <= "Normal_Nucleoli" <= 7.0]	[Benign]	0.009173128994824	30.0	6.0	428.0
[1.0 <= "Clump_Thickness" <= 3.0], [2.0 <= "Uniformity_Of_Cell_Size" <= 10.0], [2.0 <= "Bland_Chromatin" <= 3.0], [1.0 <= "Normal_Nucleoli" <= 8.0], ["?" = 0.0]	[Benign]	0.006066299495907703	18.0	3.0	440.0
[2.0 <= "Clump_Thickness" <= 10.0], [1.0 <= "Uniformity_Of_Cell_Shape" <= 9.0], [4.0 <= "Marginal_Adhesion" <= 10.0], [2.0 <= "Normal_Nucleoli" <= 3.0]	[Benign]	0.0	4.0	19.0	454.0
[8.0 <= "Clump_Thickness" <= 10.0], [2.0 <= "Uniformity_Of_Cell_Shape" <= 10.0], ["Bland_Chromatin" = 7.0], [1.0 <= "Normal_Nucleoli" <= 9.0], ["Mitoses" = 1.0]	[Benign]	0.0	0.0	13.0	458.0
[4.0 <= "Marginal_Adhesion" <= 9.0], [2.0 <= "Mitoses" <= 10.0]	[Benign]	0.0	2.0	40.0	456.0
[2.0 <= "Single_Epithelial_Cell_Size" <= 10.0], [2.0 <= "Bare_Nuclei" <= 10.0], [3.0 <= "Bland_Chromatin" <= 5.0], ["Normal_Nucleoli" = 10.0], ["?" = 0.0]	[Benign]	0.0	0.0	17.0	458.0
[5.0 <= "Uniformity_Of_Cell_Size" <= 8.0], [4.0 <= "Uniformity_Of_Cell_Shape" <= 10.0], [1.0 <= "Single_Epithelial_Cell_Size" <= 5.0], [2.0 <= "Bare_Nuclei" <= 5.0], [1.0 <= "Normal_Nucleoli" <= 9.0]	[Benign]	0.0	1.0	10.0	457.0
[3.0 <= "Uniformity_Of_Cell_Shape" <= 10.0], [5.0 <= "Single_Epithelial_Cell_Size" <= 10.0], [8.0 <= "Normal_Nucleoli" <= 10.0], [2.0 <= "Mitoses" <= 10.0], ["?" = 0.0]	[Benign]	0.0	0.0	41.0	458.0
["Uniformity_Of_Cell_Shape" = 8.0], [3.0 <= "Bare_Nuclei" <= 10.0], [7.0 <= "Normal_Nucleoli" <= 10.0]	[Benign]	0.0	1.0	12.0	457.0
[1.0 <= "Marginal_Adhesion" <= 7.0], [2.0 <= "Single_Epithelial_Cell_Size" <= 10.0], ["Normal_Nucleoli" = 5.0], [1.0 <= "Mitoses" <= 8.0], ["?" = 0.0]	[Benign]	0.0	2.0	9.0	456.0
[2.0 <= "Clump_Thickness" <= 10.0], [1.0 <= "Uniformity_Of_Cell_Size" <= 3.0], [3.0 <= "Bare_Nuclei" <= 10.0], [2.0 <= "Bland_Chromatin" <= 10.0]	[Benign]	0.0	10.0	33.0	448.0
[2.0 <= "Uniformity_Of_Cell_Size" <= 10.0], ["Marginal_Adhesion" = 1.0]	[Benign]	0.0	44.0	30.0	414.0
[2.0 <= "Clump_Thickness" <= 10.0], [9.0 <= "Uniformity_Of_Cell_Shape" <= 10.0], [2.0 <= "Bland_Chromatin" <= 7.0], [5.0 <= "Mitoses" <= 10.0]	[Benign]	0.0	0.0	10.0	458.0
[2.0 <= "Marginal_Adhesion" <= 10.0], ["Bland_Chromatin" = 7.0], [9.0 <= "Normal_Nucleoli" <= 10.0]	[Benign]	0.0	0.0	16.0	458.0
[3.0 <= "Uniformity_Of_Cell_Shape" <= 10.0], [2.0 <= "Marginal_Adhesion" <= 10.0], [2.0 <= "Normal_Nucleoli" <= 10.0]	[Benign]	0.0	12.0	171.0	446.0
