[1.0 <= "Clump_Thickness" <= 8.0], [1.0 <= "Uniformity_Of_Cell_Size" <= 6.0], [1.0 <= "Single_Epithelial_Cell_Size" <= 7.0], [-999.0 <= "Bare_Nuclei" <= 7.0], [1.0 <= "Bland_Chromatin" <= 3.0]	[Benign]	0.20321489313366123	431.0	10.0	27.0
[1.0 <= "Single_Epithelial_Cell_Size" <= 2.0], [1.0 <= "Mitoses" <= 8.0]	[Benign]	0.17924032083438227	409.0	24.0	49.0
[1.0 <= "Uniformity_Of_Cell_Shape" <= 8.0], [1.0 <= "Marginal_Adhesion" <= 3.0], [1.0 <= "Bland_Chromatin" <= 7.0], [1.0 <= "Normal_Nucleoli" <= 9.0]	[Benign]	0.17257639669177918	443.0	49.0	15.0
[1.0 <= "Bare_Nuclei" <= 7.0]	[Benign]	0.1396702012480531	439.0	82.0	19.0
[1.0 <= "Uniformity_Of_Cell_Shape" <= 2.0], [1.0 <= "Single_Epithelial_Cell_Size" <= 8.0], [1.0 <= "Bare_Nuclei" <= 10.0], [2.0 <= "Bland_Chromatin" <= 10.0], [1.0 <= "Mitoses" <= 3.0]	[Benign]	0.1235568490445169	260.0	5.0	198.0
[1.0 <= "Clump_Thickness" <= 2.0], [1.0 <= "Uniformity_Of_Cell_Size" <= 8.0], [1.0 <= "Uniformity_Of_Cell_Shape" <= 4.0], [1.0 <= "Mitoses" <= 6.0], ["?" = 0.0]	[Benign]	0.08893145941166719	186.0	3.0	272.0
[1.0 <= "Marginal_Adhesion" <= 9.0], [2.0 <= "Single_Epithelial_Cell_Size" <= 10.0], [-999.0 <= "Bare_Nuclei" <= 5.0], ["Bland_Chromatin" = 1.0]	[Benign]	0.0670813199318053	136.0	0.0	322.0
[3.0 <= "Clump_Thickness" <= 4.0]	[Benign]	0.058395295957233015	164.0	24.0	294.0
["Clump_Thickness" = 1.0], [2.0 <= "Bland_Chromatin" <= 3.0]	[Benign]	0.040939334958381174	83.0	0.0	375.0
[1.0 <= "Uniformity_Of_Cell_Size" <= 3.0], [2.0 <= "Uniformity_Of_Cell_Shape" <= 10.0], [1.0 <= "Single_Epithelial_Cell_Size" <= 3.0], [1.0 <= "Bare_Nuclei" <= 7.0], ["?" = 0.0]	[Benign]	0.030184137977613636	84.0	12.0	374.0
[2.0 <= "Marginal_Adhesion" <= 10.0], [-999.0 <= "Bare_Nuclei" <= 8.0], [1.0 <= "Bland_Chromatin" <= 4.0], [1.0 <= "Normal_Nucleoli" <= 4.0]	[Benign]	0.020466597489567147	70.0	15.0	388.0
[1.0 <= "Clump_Thickness" <= 8.0], [2.0 <= "Uniformity_Of_Cell_Size" <= 10.0], [1.0 <= "Uniformity_Of_Cell_Shape" <= 2.0]	[Benign]	0.020419524315341147	49.0	4.0	409.0
[2.0 <= "Clump_Thickness" <= 10.0], [1.0 <= "Marginal_Adhesion" <= 6.0]	[Benign]	0.01989762607935722	314.0	144.0	144.0
[1.0 <= "Clump_Thickness" <= 8.0], ["Uniformity_Of_Cell_Size" = 1.0], [2.0 <= "Normal_Nucleoli" <= 10.0]	[Benign]	0.011393754822442035	25.0	1.0	433.0
[1.0 <= "Clump_Thickness" <= 4.0], [3.0 <= "Bare_Nuclei" <= 8.0], ["Normal_Nucleoli" = 1.0], [1.0 <= "Mitoses" <= 2.0], ["?" = 0.0]	[Benign]	0.008976649658924151	22.0	2.0	436.0
[2.0 <= "Clump_Thickness" <= 9.0], [1.0 <= "Uniformity_Of_Cell_Size" <= 4.0], [2.0 <= "Marginal_Adhesion" <= 10.0], [2.0 <= "Bland_Chromatin" <= 3.0], ["?" = 0.0]	[Benign]	0.00882724349725031	35.0	9.0	423.0
[1.0 <= "Uniformity_Of_Cell_Shape" <= 5.0], [1.0 <= "Bland_Chromatin" <= 4.0], [2.0 <= "Normal_Nucleoli" <= 7.0], ["Mitoses" = 1.0], ["?" = 0.0]	[Benign]	0.007099862669130848	41.0	14.0	417.0
[2.0 <= "Clump_Thickness" <= 3.0], [2.0 <= "Uniformity_Of_Cell_Size" <= 10.0], [1.0 <= "Bland_Chromatin" <= 5.0], [1.0 <= "Normal_Nucleoli" <= 2.0], [1.0 <= "Mitoses" <= 2.0]	[Benign]	0.00646130482745635	15.0	1.0	443.0
[3.0 <= "Clump_Thickness" <= 10.0], ["Uniformity_Of_Cell_Size" = 2.0]	[Benign]	0.0063118986657825105	28.0	8.0	430.0
[2.0 <= "Clump_Thickness" <= 5.0], [1.0 <= "Uniformity_Of_Cell_Size" <= 2.0], [3.0 <= "Uniformity_Of_Cell_Shape" <= 10.0], ["Mitoses" = 1.0]	[Benign]	0.005573054496409135	17.0	3.0	441.0
[2.0 <= "Uniformity_Of_Cell_Shape" <= 4.0], [1.0 <= "Bare_Nuclei" <= 10.0], [1.0 <= "Bland_Chromatin" <= 7.0], ["Normal_Nucleoli" = 2.0], [1.0 <= "Mitoses" <= 4.0]	[Benign]	0.003995079829963508	10.0	1.0	448.0
[2.0 <= "Uniformity_Of_Cell_Size" <= 10.0], [2.0 <= "Marginal_Adhesion" <= 10.0], [1.0 <= "Bland_Chromatin" <= 2.0], [1.0 <= "Normal_Nucleoli" <= 6.0], ["Mitoses" = 1.0]	[Benign]	0.003550954664439901	11.0	2.0	447.0
[1.0 <= "Clump_Thickness" <= 6.0], [1.0 <= "Uniformity_Of_Cell_Shape" <= 7.0], [1.0 <= "Normal_Nucleoli" <= 2.0], [2.0 <= "Mitoses" <= 10.0], ["?" = 0.0]	[Benign]	0.0030577096649413334	10.0	2.0	448.0
["Marginal_Adhesion" = 2.0], [1.0 <= "Mitoses" <= 3.0]	[Benign]	0.001821527176571474	36.0	17.0	422.0
[5.0 <= "Uniformity_Of_Cell_Shape" <= 10.0], [1.0 <= "Marginal_Adhesion" <= 9.0], [1.0 <= "Single_Epithelial_Cell_Size" <= 4.0], [2.0 <= "Bare_Nuclei" <= 10.0], [2.0 <= "Bland_Chromatin" <= 10.0]	[Benign]	0.0	1.0	57.0	457.0
[3.0 <= "Mitoses" <= 10.0]	[Benign]	0.0	5.0	80.0	453.0
[4.0 <= "Clump_Thickness" <= 10.0], [3.0 <= "Bland_Chromatin" <= 9.0], ["Normal_Nucleoli" = 10.0]	[Benign]	0.0	0.0	49.0	458.0
[2.0 <= "Clump_Thickness" <= 10.0], [2.0 <= "Marginal_Adhesion" <= 10.0], [6.0 <= "Bland_Chromatin" <= 10.0], [1.0 <= "Normal_Nucleoli" <= 9.0], [1.0 <= "Mitoses" <= 8.0]	[Benign]	0.0	4.0	85.0	454.0
[2.0 <= "Uniformity_Of_Cell_Shape" <= 10.0], [8.0 <= "Bare_Nuclei" <= 10.0], [1.0 <= "Bland_Chromatin" <= 4.0], [8.0 <= "Normal_Nucleoli" <= 10.0], [1.0 <= "Mitoses" <= 4.0]	[Benign]	0.0	0.0	11.0	458.0
[4.0 <= "Uniformity_Of_Cell_Size" <= 9.0], [1.0 <= "Marginal_Adhesion" <= 3.0], [7.0 <= "Bare_Nuclei" <= 10.0], [2.0 <= "Normal_Nucleoli" <= 10.0], ["Mitoses" = 1.0]	[Benign]	0.0	1.0	11.0	457.0
[5.0 <= "Clump_Thickness" <= 10.0], ["Normal_Nucleoli" = 9.0]	[Benign]	0.0	0.0	14.0	458.0
[8.0 <= "Uniformity_Of_Cell_Shape" <= 10.0], [1.0 <= "Single_Epithelial_Cell_Size" <= 5.0], [1.0 <= "Bland_Chromatin" <= 9.0], [2.0 <= "Mitoses" <= 10.0]	[Benign]	0.0	0.0	11.0	458.0
[2.0 <= "Uniformity_Of_Cell_Shape" <= 10.0], [4.0 <= "Marginal_Adhesion" <= 10.0], [1.0 <= "Bare_Nuclei" <= 10.0], [1.0 <= "Mitoses" <= 6.0], ["?" = 0.0]	[Benign]	0.0	9.0	139.0	449.0
[1.0 <= "Uniformity_Of_Cell_Shape" <= 4.0], [2.0 <= "Marginal_Adhesion" <= 10.0], [3.0 <= "Bare_Nuclei" <= 10.0], [4.0 <= "Normal_Nucleoli" <= 7.0], [1.0 <= "Mitoses" <= 5.0]	[Benign]	0.0	3.0	14.0	455.0
[1.0 <= "Uniformity_Of_Cell_Size" <= 4.0], [5.0 <= "Uniformity_Of_Cell_Shape" <= 8.0], [1.0 <= "Mitoses" <= 3.0]	[Benign]	0.0	4.0	25.0	454.0
[1.0 <= "Uniformity_Of_Cell_Shape" <= 7.0], [2.0 <= "Marginal_Adhesion" <= 10.0], [5.0 <= "Single_Epithelial_Cell_Size" <= 10.0], [1.0 <= "Bland_Chromatin" <= 9.0], [1.0 <= "Mitoses" <= 8.0]	[Benign]	0.0	7.0	49.0	451.0
[9.0 <= "Clump_Thickness" <= 10.0], [2.0 <= "Uniformity_Of_Cell_Shape" <= 10.0], [6.0 <= "Marginal_Adhesion" <= 10.0], [8.0 <= "Normal_Nucleoli" <= 10.0], [2.0 <= "Mitoses" <= 10.0]	[Benign]	0.0	0.0	10.0	458.0
[3.0 <= "Uniformity_Of_Cell_Size" <= 6.0], [2.0 <= "Uniformity_Of_Cell_Shape" <= 10.0], [3.0 <= "Single_Epithelial_Cell_Size" <= 7.0], [3.0 <= "Bland_Chromatin" <= 10.0], [8.0 <= "Normal_Nucleoli" <= 10.0]	[Benign]	0.0	3.0	21.0	455.0
[2.0 <= "Single_Epithelial_Cell_Size" <= 10.0], ["Mitoses" = 4.0], ["?" = 0.0]	[Benign]	0.0	0.0	12.0	458.0
[1.0 <= "Uniformity_Of_Cell_Size" <= 5.0], [1.0 <= "Uniformity_Of_Cell_Shape" <= 5.0], ["Bare_Nuclei" = 10.0], [1.0 <= "Bland_Chromatin" <= 8.0], [2.0 <= "Mitoses" <= 3.0]	[Benign]	0.0	1.0	11.0	457.0
[1.0 <= "Marginal_Adhesion" <= 9.0], [8.0 <= "Single_Epithelial_Cell_Size" <= 10.0], [1.0 <= "Bare_Nuclei" <= 10.0], [7.0 <= "Normal_Nucleoli" <= 10.0], [2.0 <= "Mitoses" <= 10.0]	[Benign]	0.0	0.0	11.0	458.0
[2.0 <= "Clump_Thickness" <= 10.0], [1.0 <= "Uniformity_Of_Cell_Size" <= 6.0], [7.0 <= "Uniformity_Of_Cell_Shape" <= 10.0], [2.0 <= "Normal_Nucleoli" <= 10.0], [2.0 <= "Mitoses" <= 10.0]	[Benign]	0.0	0.0	11.0	458.0
[1.0 <= "Uniformity_Of_Cell_Size" <= 7.0], [1.0 <= "Single_Epithelial_Cell_Size" <= 8.0], [7.0 <= "Bland_Chromatin" <= 10.0], [2.0 <= "Normal_Nucleoli" <= 5.0], ["?" = 0.0]	[Benign]	0.0	2.0	11.0	456.0
[7.0 <= "Clump_Thickness" <= 10.0], [2.0 <= "Uniformity_Of_Cell_Shape" <= 10.0], [1.0 <= "Marginal_Adhesion" <= 3.0], [6.0 <= "Single_Epithelial_Cell_Size" <= 10.0], [1.0 <= "Normal_Nucleoli" <= 9.0]	[Benign]	0.0	0.0	12.0	458.0
[2.0 <= "Uniformity_Of_Cell_Size" <= 10.0], [-999.0 <= "Bare_Nuclei" <= 8.0], [6.0 <= "Mitoses" <= 10.0]	[Benign]	0.0	0.0	13.0	458.0
[2.0 <= "Uniformity_Of_Cell_Shape" <= 8.0], [6.0 <= "Marginal_Adhesion" <= 10.0], [1.0 <= "Single_Epithelial_Cell_Size" <= 3.0]	[Benign]	0.0	1.0	15.0	457.0
[2.0 <= "Clump_Thickness" <= 10.0], ["Uniformity_Of_Cell_Size" = 10.0], [1.0 <= "Bare_Nuclei" <= 10.0], [5.0 <= "Mitoses" <= 10.0]	[Benign]	0.0	0.0	20.0	458.0
[7.0 <= "Uniformity_Of_Cell_Size" <= 10.0], [4.0 <= "Bland_Chromatin" <= 7.0], [2.0 <= "Normal_Nucleoli" <= 4.0]	[Benign]	0.0	1.0	11.0	457.0
[2.0 <= "Uniformity_Of_Cell_Size" <= 10.0], [6.0 <= "Bare_Nuclei" <= 10.0], [9.0 <= "Normal_Nucleoli" <= 10.0], [2.0 <= "Mitoses" <= 10.0]	[Benign]	0.0	0.0	27.0	458.0
[6.0 <= "Uniformity_Of_Cell_Size" <= 10.0], [2.0 <= "Single_Epithelial_Cell_Size" <= 4.0], [-999.0 <= "Bare_Nuclei" <= 5.0], [2.0 <= "Normal_Nucleoli" <= 10.0], [1.0 <= "Mitoses" <= 3.0]	[Benign]	0.0	1.0	12.0	457.0
