[1.0 <= "Uniformity_Of_Cell_Size" <= 3.0], [1.0 <= "Single_Epithelial_Cell_Size" <= 8.0], [1.0 <= "Normal_Nucleoli" <= 3.0], ["?" = 0.0]	[Benign]	0.20005689714102098	436.0	16.0	22.0
[1.0 <= "Clump_Thickness" <= 5.0], [-999.0 <= "Bare_Nuclei" <= 8.0], ["Normal_Nucleoli" = 1.0], [1.0 <= "Mitoses" <= 8.0]	[Benign]	0.18713633414585729	387.0	4.0	71.0
[1.0 <= "Uniformity_Of_Cell_Size" <= 9.0], [1.0 <= "Marginal_Adhesion" <= 2.0]	[Benign]	0.16197265253243445	412.0	44.0	46.0
[1.0 <= "Marginal_Adhesion" <= 9.0], [1.0 <= "Single_Epithelial_Cell_Size" <= 3.0]	[Benign]	0.16167384020908676	438.0	58.0	20.0
[1.0 <= "Uniformity_Of_Cell_Shape" <= 7.0], [1.0 <= "Bare_Nuclei" <= 10.0], [1.0 <= "Bland_Chromatin" <= 2.0], [1.0 <= "Mitoses" <= 5.0]	[Benign]	0.1418560338599389	299.0	6.0	159.0
[1.0 <= "Bland_Chromatin" <= 7.0], [1.0 <= "Normal_Nucleoli" <= 9.0]	[Benign]	0.08717542534706237	458.0	148.0	0.0
[1.0 <= "Clump_Thickness" <= 2.0], [2.0 <= "Bland_Chromatin" <= 10.0]	[Benign]	0.051148073786177285	117.0	7.0	341.0
[1.0 <= "Uniformity_Of_Cell_Size" <= 3.0], [2.0 <= "Marginal_Adhesion" <= 10.0], [-999.0 <= "Bare_Nuclei" <= 8.0], [1.0 <= "Normal_Nucleoli" <= 8.0]	[Benign]	0.027570553478195915	73.0	9.0	385.0
["Uniformity_Of_Cell_Size" = 2.0], [1.0 <= "Single_Epithelial_Cell_Size" <= 5.0]	[Benign]	0.013563214156336151	37.0	5.0	421.0
[2.0 <= "Uniformity_Of_Cell_Size" <= 3.0], [1.0 <= "Normal_Nucleoli" <= 9.0], ["Mitoses" = 1.0]	[Benign]	0.011291421834994196	59.0	19.0	399.0
[2.0 <= "Uniformity_Of_Cell_Size" <= 10.0], ["Uniformity_Of_Cell_Shape" = 1.0], [-999.0 <= "Bare_Nuclei" <= 6.0], [1.0 <= "Bland_Chromatin" <= 9.0], [1.0 <= "Mitoses" <= 3.0]	[Benign]	0.010851389988968504	22.0	0.0	436.0
[2.0 <= "Clump_Thickness" <= 8.0]	[Benign]	0.01057304426311037	316.0	155.0	142.0
[1.0 <= "Uniformity_Of_Cell_Shape" <= 2.0], [1.0 <= "Bare_Nuclei" <= 3.0], [2.0 <= "Mitoses" <= 10.0]	[Benign]	0.0030577096649413334	10.0	2.0	448.0
[2.0 <= "Clump_Thickness" <= 10.0], [1.0 <= "Uniformity_Of_Cell_Size" <= 9.0], ["Bare_Nuclei" = -999.0]	[Benign]	0.0020712196659441965	8.0	2.0	450.0
[2.0 <= "Uniformity_Of_Cell_Size" <= 10.0], [3.0 <= "Uniformity_Of_Cell_Shape" <= 10.0], [-999.0 <= "Bare_Nuclei" <= 1.0], [1.0 <= "Bland_Chromatin" <= 3.0], ["?" = 0.0]	[Benign]	0.0012320891688719438	12.0	5.0	446.0
[2.0 <= "Uniformity_Of_Cell_Size" <= 3.0], [1.0 <= "Single_Epithelial_Cell_Size" <= 8.0], [9.0 <= "Bare_Nuclei" <= 10.0]	[Benign]	0.0	1.0	15.0	457.0
[2.0 <= "Uniformity_Of_Cell_Size" <= 10.0], [1.0 <= "Bare_Nuclei" <= 10.0], [1.0 <= "Bland_Chromatin" <= 7.0], ["Normal_Nucleoli" = 4.0]	[Benign]	0.0	1.0	15.0	457.0
[2.0 <= "Single_Epithelial_Cell_Size" <= 10.0], [6.0 <= "Normal_Nucleoli" <= 10.0], ["?" = 0.0]	[Benign]	0.0	11.0	128.0	447.0
[3.0 <= "Marginal_Adhesion" <= 6.0], [8.0 <= "Bare_Nuclei" <= 10.0], [1.0 <= "Bland_Chromatin" <= 7.0], [1.0 <= "Normal_Nucleoli" <= 2.0], [1.0 <= "Mitoses" <= 3.0]	[Benign]	0.0	2.0	14.0	456.0
[1.0 <= "Uniformity_Of_Cell_Size" <= 9.0], [5.0 <= "Uniformity_Of_Cell_Shape" <= 8.0], [5.0 <= "Marginal_Adhesion" <= 7.0], [2.0 <= "Bland_Chromatin" <= 4.0], ["?" = 0.0]	[Benign]	0.0	2.0	8.0	456.0
[1.0 <= "Uniformity_Of_Cell_Size" <= 5.0], [1.0 <= "Marginal_Adhesion" <= 9.0], [1.0 <= "Bare_Nuclei" <= 10.0], [2.0 <= "Mitoses" <= 10.0]	[Benign]	0.0	13.0	26.0	445.0
[7.0 <= "Clump_Thickness" <= 10.0], [2.0 <= "Uniformity_Of_Cell_Shape" <= 10.0], [4.0 <= "Marginal_Adhesion" <= 7.0], [6.0 <= "Bare_Nuclei" <= 10.0], [1.0 <= "Bland_Chromatin" <= 7.0]	[Benign]	0.0	1.0	26.0	457.0
[2.0 <= "Clump_Thickness" <= 6.0], [2.0 <= "Uniformity_Of_Cell_Size" <= 8.0], ["Marginal_Adhesion" = 10.0], [1.0 <= "Bare_Nuclei" <= 10.0], ["?" = 0.0]	[Benign]	0.0	0.0	10.0	458.0
[2.0 <= "Clump_Thickness" <= 10.0], [1.0 <= "Uniformity_Of_Cell_Shape" <= 6.0], [3.0 <= "Marginal_Adhesion" <= 5.0], [4.0 <= "Bland_Chromatin" <= 10.0], [1.0 <= "Normal_Nucleoli" <= 5.0]	[Benign]	0.0	3.0	17.0	455.0
[2.0 <= "Uniformity_Of_Cell_Size" <= 10.0], [4.0 <= "Uniformity_Of_Cell_Shape" <= 10.0], ["Marginal_Adhesion" = 3.0], [5.0 <= "Bare_Nuclei" <= 10.0], ["?" = 0.0]	[Benign]	0.0	1.0	19.0	457.0
[2.0 <= "Uniformity_Of_Cell_Shape" <= 10.0], ["Single_Epithelial_Cell_Size" = 8.0], [1.0 <= "Mitoses" <= 8.0]	[Benign]	0.0	1.0	18.0	457.0
[3.0 <= "Clump_Thickness" <= 10.0], [8.0 <= "Uniformity_Of_Cell_Size" <= 9.0], [2.0 <= "Uniformity_Of_Cell_Shape" <= 10.0], [5.0 <= "Normal_Nucleoli" <= 10.0], ["Mitoses" = 1.0]	[Benign]	0.0	1.0	12.0	457.0
[2.0 <= "Clump_Thickness" <= 10.0], [1.0 <= "Uniformity_Of_Cell_Size" <= 8.0], [2.0 <= "Marginal_Adhesion" <= 10.0], ["Bare_Nuclei" = 10.0]	[Benign]	0.0	2.0	81.0	456.0
[6.0 <= "Clump_Thickness" <= 10.0], [2.0 <= "Uniformity_Of_Cell_Size" <= 9.0], [1.0 <= "Marginal_Adhesion" <= 4.0], [5.0 <= "Normal_Nucleoli" <= 10.0], [2.0 <= "Mitoses" <= 5.0]	[Benign]	0.0	0.0	12.0	458.0
[8.0 <= "Clump_Thickness" <= 10.0], [5.0 <= "Mitoses" <= 8.0]	[Benign]	0.0	0.0	12.0	458.0
[2.0 <= "Uniformity_Of_Cell_Size" <= 10.0], ["Uniformity_Of_Cell_Shape" = 10.0], [1.0 <= "Mitoses" <= 5.0]	[Benign]	0.0	0.0	42.0	458.0
[1.0 <= "Uniformity_Of_Cell_Shape" <= 8.0], [4.0 <= "Bare_Nuclei" <= 10.0], [2.0 <= "Normal_Nucleoli" <= 10.0]	[Benign]	0.0	8.0	118.0	450.0
[2.0 <= "Uniformity_Of_Cell_Size" <= 10.0], [3.0 <= "Marginal_Adhesion" <= 9.0], [7.0 <= "Single_Epithelial_Cell_Size" <= 10.0], [3.0 <= "Bare_Nuclei" <= 10.0], [2.0 <= "Normal_Nucleoli" <= 10.0]	[Benign]	0.0	2.0	22.0	456.0
[2.0 <= "Clump_Thickness" <= 10.0], [9.0 <= "Uniformity_Of_Cell_Size" <= 10.0], [9.0 <= "Marginal_Adhesion" <= 10.0]	[Benign]	0.0	0.0	27.0	458.0
[2.0 <= "Clump_Thickness" <= 10.0], ["Bland_Chromatin" = 9.0]	[Benign]	0.0	0.0	11.0	458.0
[5.0 <= "Uniformity_Of_Cell_Shape" <= 10.0], ["Normal_Nucleoli" = 10.0], [2.0 <= "Mitoses" <= 10.0]	[Benign]	0.0	0.0	32.0	458.0
[1.0 <= "Clump_Thickness" <= 7.0], [6.0 <= "Uniformity_Of_Cell_Shape" <= 10.0], [4.0 <= "Marginal_Adhesion" <= 10.0], [2.0 <= "Normal_Nucleoli" <= 10.0], ["?" = 0.0]	[Benign]	0.0	2.0	52.0	456.0
[8.0 <= "Clump_Thickness" <= 10.0], [2.0 <= "Marginal_Adhesion" <= 10.0], [1.0 <= "Bland_Chromatin" <= 3.0], [1.0 <= "Mitoses" <= 4.0], ["?" = 0.0]	[Benign]	0.0	0.0	11.0	458.0
[8.0 <= "Clump_Thickness" <= 10.0], [7.0 <= "Uniformity_Of_Cell_Size" <= 10.0], [2.0 <= "Uniformity_Of_Cell_Shape" <= 8.0], ["?" = 0.0]	[Benign]	0.0	0.0	30.0	458.0
[7.0 <= "Marginal_Adhesion" <= 10.0], [1.0 <= "Single_Epithelial_Cell_Size" <= 7.0], [8.0 <= "Normal_Nucleoli" <= 10.0]	[Benign]	0.0	1.0	32.0	457.0
[1.0 <= "Clump_Thickness" <= 5.0], [2.0 <= "Uniformity_Of_Cell_Size" <= 10.0], [1.0 <= "Single_Epithelial_Cell_Size" <= 3.0], [2.0 <= "Normal_Nucleoli" <= 10.0]	[Benign]	0.0	17.0	11.0	441.0
[4.0 <= "Uniformity_Of_Cell_Size" <= 10.0], [9.0 <= "Uniformity_Of_Cell_Shape" <= 10.0], [6.0 <= "Marginal_Adhesion" <= 10.0], [1.0 <= "Bare_Nuclei" <= 10.0]	[Benign]	0.0	0.0	42.0	458.0
