[1.0 <= "Clump_Thickness" <= 8.0], [1.0 <= "Uniformity_Of_Cell_Shape" <= 4.0], [1.0 <= "Marginal_Adhesion" <= 6.0], [1.0 <= "Single_Epithelial_Cell_Size" <= 4.0]	[Benign]	0.2043978624685582	441.0	14.0	17.0
[1.0 <= "Uniformity_Of_Cell_Size" <= 2.0], [-999.0 <= "Bare_Nuclei" <= 8.0], [1.0 <= "Bland_Chromatin" <= 5.0], [1.0 <= "Mitoses" <= 8.0], ["?" = 0.0]	[Benign]	0.1980859638027757	413.0	6.0	45.0
["Marginal_Adhesion" = 1.0], [1.0 <= "Single_Epithelial_Cell_Size" <= 2.0], [1.0 <= "Bare_Nuclei" <= 10.0]	[Benign]	0.16109258884038305	338.0	6.0	120.0
[1.0 <= "Clump_Thickness" <= 4.0], [1.0 <= "Uniformity_Of_Cell_Size" <= 8.0]	[Benign]	0.1492506155329195	352.0	26.0	106.0
[1.0 <= "Uniformity_Of_Cell_Shape" <= 2.0], [2.0 <= "Bland_Chromatin" <= 10.0], [1.0 <= "Normal_Nucleoli" <= 9.0], [1.0 <= "Mitoses" <= 3.0]	[Benign]	0.1265163190415083	266.0	5.0	192.0
[2.0 <= "Clump_Thickness" <= 8.0], [1.0 <= "Uniformity_Of_Cell_Size" <= 2.0], [2.0 <= "Single_Epithelial_Cell_Size" <= 10.0], [1.0 <= "Normal_Nucleoli" <= 4.0], ["Mitoses" = 1.0]	[Benign]	0.12000589438007701	249.0	3.0	209.0
[1.0 <= "Uniformity_Of_Cell_Size" <= 9.0], [1.0 <= "Marginal_Adhesion" <= 3.0], ["Bland_Chromatin" = 2.0], ["?" = 0.0]	[Benign]	0.07319673926168796	156.0	4.0	302.0
[1.0 <= "Uniformity_Of_Cell_Shape" <= 8.0], ["Bland_Chromatin" = 1.0], [1.0 <= "Mitoses" <= 8.0]	[Benign]	0.0721120095947409	150.0	2.0	308.0
["Clump_Thickness" = 1.0], [2.0 <= "Single_Epithelial_Cell_Size" <= 5.0]	[Benign]	0.05583492461128814	117.0	2.0	341.0
[2.0 <= "Bland_Chromatin" <= 6.0]	[Benign]	0.04160654603654105	301.0	114.0	157.0
[1.0 <= "Single_Epithelial_Cell_Size" <= 8.0]	[Benign]	0.029502600281211083	457.0	209.0	1.0
[1.0 <= "Uniformity_Of_Cell_Size" <= 9.0], [2.0 <= "Uniformity_Of_Cell_Shape" <= 10.0], [2.0 <= "Single_Epithelial_Cell_Size" <= 10.0], [-999.0 <= "Bare_Nuclei" <= 1.0]	[Benign]	0.029099408310666576	78.0	10.0	380.0
[1.0 <= "Clump_Thickness" <= 8.0], [1.0 <= "Uniformity_Of_Cell_Size" <= 4.0], [2.0 <= "Marginal_Adhesion" <= 5.0], [1.0 <= "Bland_Chromatin" <= 4.0], [1.0 <= "Normal_Nucleoli" <= 3.0]	[Benign]	0.028360564141293204	67.0	5.0	391.0
[2.0 <= "Uniformity_Of_Cell_Shape" <= 10.0], [1.0 <= "Single_Epithelial_Cell_Size" <= 2.0], [1.0 <= "Normal_Nucleoli" <= 3.0], [1.0 <= "Mitoses" <= 3.0], ["?" = 0.0]	[Benign]	0.027767032814095753	81.0	13.0	377.0
[1.0 <= "Uniformity_Of_Cell_Shape" <= 2.0], [2.0 <= "Marginal_Adhesion" <= 10.0], [2.0 <= "Single_Epithelial_Cell_Size" <= 6.0], [-999.0 <= "Bare_Nuclei" <= 9.0]	[Benign]	0.02712847497242126	55.0	0.0	403.0
[2.0 <= "Uniformity_Of_Cell_Shape" <= 3.0], [2.0 <= "Bland_Chromatin" <= 3.0], [1.0 <= "Normal_Nucleoli" <= 7.0]	[Benign]	0.023872239311831127	56.0	4.0	402.0
[2.0 <= "Uniformity_Of_Cell_Size" <= 5.0], [1.0 <= "Uniformity_Of_Cell_Shape" <= 7.0], [1.0 <= "Marginal_Adhesion" <= 3.0], [-999.0 <= "Bare_Nuclei" <= 6.0], [1.0 <= "Normal_Nucleoli" <= 7.0]	[Benign]	0.021749853152163014	65.0	11.0	393.0
[1.0 <= "Clump_Thickness" <= 8.0], [2.0 <= "Uniformity_Of_Cell_Size" <= 10.0], [1.0 <= "Uniformity_Of_Cell_Shape" <= 3.0], [1.0 <= "Single_Epithelial_Cell_Size" <= 6.0], ["Normal_Nucleoli" = 1.0]	[Benign]	0.015092068988806818	42.0	6.0	416.0
[1.0 <= "Clump_Thickness" <= 5.0], [2.0 <= "Uniformity_Of_Cell_Size" <= 3.0], [1.0 <= "Marginal_Adhesion" <= 9.0], [1.0 <= "Bare_Nuclei" <= 10.0]	[Benign]	0.014547657495584327	58.0	15.0	400.0
[1.0 <= "Clump_Thickness" <= 8.0], [1.0 <= "Uniformity_Of_Cell_Size" <= 6.0], ["Normal_Nucleoli" = 2.0], [1.0 <= "Mitoses" <= 3.0], ["?" = 0.0]	[Benign]	0.014304104985458484	29.0	0.0	429.0
["Uniformity_Of_Cell_Shape" = 1.0], [2.0 <= "Bare_Nuclei" <= 10.0], [1.0 <= "Bland_Chromatin" <= 7.0], ["Normal_Nucleoli" = 1.0]	[Benign]	0.012873489820937742	28.0	1.0	430.0
[1.0 <= "Uniformity_Of_Cell_Size" <= 9.0], ["Uniformity_Of_Cell_Shape" = 1.0], [1.0 <= "Marginal_Adhesion" <= 9.0], [2.0 <= "Normal_Nucleoli" <= 10.0]	[Benign]	0.01238024482143917	27.0	1.0	431.0
["Clump_Thickness" = 2.0], [2.0 <= "Single_Epithelial_Cell_Size" <= 10.0], [2.0 <= "Bland_Chromatin" <= 10.0], [1.0 <= "Normal_Nucleoli" <= 8.0], ["?" = 0.0]	[Benign]	0.010505504491394821	27.0	3.0	431.0
[1.0 <= "Clump_Thickness" <= 2.0], [2.0 <= "Marginal_Adhesion" <= 7.0], [1.0 <= "Normal_Nucleoli" <= 4.0]	[Benign]	0.009864899989971367	20.0	0.0	438.0
["Marginal_Adhesion" = 2.0], [1.0 <= "Single_Epithelial_Cell_Size" <= 7.0], ["Normal_Nucleoli" = 1.0]	[Benign]	0.009617254160347604	29.0	5.0	429.0
[2.0 <= "Clump_Thickness" <= 7.0], ["Uniformity_Of_Cell_Shape" = 1.0], [2.0 <= "Marginal_Adhesion" <= 10.0], [2.0 <= "Bland_Chromatin" <= 10.0], ["Mitoses" = 1.0]	[Benign]	0.00892752982494919	20.0	1.0	438.0
[2.0 <= "Clump_Thickness" <= 10.0], [2.0 <= "Uniformity_Of_Cell_Size" <= 10.0], ["Uniformity_Of_Cell_Shape" = 1.0], [1.0 <= "Bare_Nuclei" <= 10.0], ["?" = 0.0]	[Benign]	0.00887840999097423	18.0	0.0	440.0
[1.0 <= "Uniformity_Of_Cell_Size" <= 5.0], [3.0 <= "Marginal_Adhesion" <= 10.0], [2.0 <= "Single_Epithelial_Cell_Size" <= 10.0], ["Bland_Chromatin" = 1.0], ["?" = 0.0]	[Benign]	0.007447794826453486	17.0	1.0	441.0
[1.0 <= "Clump_Thickness" <= 4.0], [1.0 <= "Uniformity_Of_Cell_Size" <= 3.0], [1.0 <= "Uniformity_Of_Cell_Shape" <= 8.0], [3.0 <= "Marginal_Adhesion" <= 10.0]	[Benign]	0.006115419329882667	20.0	4.0	438.0
[1.0 <= "Clump_Thickness" <= 5.0], [3.0 <= "Uniformity_Of_Cell_Shape" <= 6.0], [-999.0 <= "Bare_Nuclei" <= 6.0], [2.0 <= "Bland_Chromatin" <= 7.0], [1.0 <= "Mitoses" <= 7.0]	[Benign]	0.005916893334233865	31.0	10.0	427.0
[1.0 <= "Uniformity_Of_Cell_Shape" <= 7.0], ["Marginal_Adhesion" = 1.0], [2.0 <= "Single_Epithelial_Cell_Size" <= 10.0], [2.0 <= "Normal_Nucleoli" <= 10.0], ["Mitoses" = 1.0]	[Benign]	0.005423648334735296	30.0	10.0	428.0
[3.0 <= "Uniformity_Of_Cell_Size" <= 4.0], [2.0 <= "Uniformity_Of_Cell_Shape" <= 4.0], [2.0 <= "Single_Epithelial_Cell_Size" <= 4.0], [1.0 <= "Bare_Nuclei" <= 4.0], ["Normal_Nucleoli" = 1.0]	[Benign]	0.003995079829963508	10.0	1.0	448.0
[1.0 <= "Clump_Thickness" <= 3.0], [2.0 <= "Uniformity_Of_Cell_Size" <= 4.0], [2.0 <= "Marginal_Adhesion" <= 10.0], [2.0 <= "Single_Epithelial_Cell_Size" <= 3.0], ["?" = 0.0]	[Benign]	0.0031068294989162948	12.0	3.0	446.0
[1.0 <= "Clump_Thickness" <= 8.0], [2.0 <= "Uniformity_Of_Cell_Shape" <= 4.0], ["Bland_Chromatin" = 3.0], [1.0 <= "Normal_Nucleoli" <= 5.0], ["Mitoses" = 1.0]	[Benign]	0.002908303503267493	23.0	9.0	435.0
[1.0 <= "Clump_Thickness" <= 6.0], [2.0 <= "Uniformity_Of_Cell_Size" <= 10.0], [1.0 <= "Uniformity_Of_Cell_Shape" <= 7.0], ["Marginal_Adhesion" = 2.0]	[Benign]	0.002711824167367648	15.0	5.0	443.0
[1.0 <= "Marginal_Adhesion" <= 7.0], [1.0 <= "Single_Epithelial_Cell_Size" <= 3.0], [-999.0 <= "Bare_Nuclei" <= 8.0], [1.0 <= "Normal_Nucleoli" <= 2.0], [2.0 <= "Mitoses" <= 8.0]	[Benign]	0.001182969334896982	10.0	4.0	448.0
[1.0 <= "Bare_Nuclei" <= 4.0], [2.0 <= "Normal_Nucleoli" <= 8.0]	[Benign]	0.001129756181424104	46.0	23.0	412.0
["Clump_Thickness" = 8.0], ["Normal_Nucleoli" = 10.0]	[Benign]	0.0	0.0	13.0	458.0
[1.0 <= "Clump_Thickness" <= 8.0], [7.0 <= "Uniformity_Of_Cell_Size" <= 10.0], [1.0 <= "Bare_Nuclei" <= 10.0], [5.0 <= "Bland_Chromatin" <= 9.0], [8.0 <= "Normal_Nucleoli" <= 10.0]	[Benign]	0.0	0.0	28.0	458.0
[6.0 <= "Clump_Thickness" <= 7.0], [2.0 <= "Marginal_Adhesion" <= 3.0]	[Benign]	0.0	5.0	7.0	453.0
[2.0 <= "Uniformity_Of_Cell_Shape" <= 5.0], ["Single_Epithelial_Cell_Size" = 4.0], [1.0 <= "Bare_Nuclei" <= 10.0], [1.0 <= "Normal_Nucleoli" <= 8.0], ["?" = 0.0]	[Benign]	0.0	5.0	9.0	453.0
[7.0 <= "Uniformity_Of_Cell_Shape" <= 10.0], [3.0 <= "Marginal_Adhesion" <= 10.0], [-999.0 <= "Bare_Nuclei" <= 5.0], [1.0 <= "Bland_Chromatin" <= 9.0], [2.0 <= "Normal_Nucleoli" <= 10.0]	[Benign]	0.0	0.0	21.0	458.0
[1.0 <= "Clump_Thickness" <= 8.0], [9.0 <= "Uniformity_Of_Cell_Size" <= 10.0], [3.0 <= "Mitoses" <= 10.0]	[Benign]	0.0	0.0	23.0	458.0
[6.0 <= "Clump_Thickness" <= 10.0], [8.0 <= "Marginal_Adhesion" <= 10.0], [1.0 <= "Bland_Chromatin" <= 7.0], [2.0 <= "Normal_Nucleoli" <= 10.0], [4.0 <= "Mitoses" <= 10.0]	[Benign]	0.0	0.0	10.0	458.0
[1.0 <= "Uniformity_Of_Cell_Size" <= 9.0], [2.0 <= "Uniformity_Of_Cell_Shape" <= 10.0], [1.0 <= "Bland_Chromatin" <= 5.0], [3.0 <= "Mitoses" <= 10.0]	[Benign]	0.0	2.0	24.0	456.0
[9.0 <= "Clump_Thickness" <= 10.0], [1.0 <= "Uniformity_Of_Cell_Shape" <= 7.0], [2.0 <= "Marginal_Adhesion" <= 6.0], [7.0 <= "Bland_Chromatin" <= 10.0], ["?" = 0.0]	[Benign]	0.0	0.0	14.0	458.0
[1.0 <= "Marginal_Adhesion" <= 9.0], [4.0 <= "Bare_Nuclei" <= 7.0], [1.0 <= "Bland_Chromatin" <= 4.0], [2.0 <= "Normal_Nucleoli" <= 10.0]	[Benign]	0.0	2.0	18.0	456.0
[9.0 <= "Clump_Thickness" <= 10.0], [-999.0 <= "Bare_Nuclei" <= 8.0], [1.0 <= "Bland_Chromatin" <= 8.0], [1.0 <= "Normal_Nucleoli" <= 8.0], [2.0 <= "Mitoses" <= 10.0]	[Benign]	0.0	0.0	13.0	458.0
[2.0 <= "Clump_Thickness" <= 6.0], [2.0 <= "Marginal_Adhesion" <= 10.0], [8.0 <= "Bare_Nuclei" <= 10.0], [4.0 <= "Mitoses" <= 10.0], ["?" = 0.0]	[Benign]	0.0	0.0	12.0	458.0
[2.0 <= "Uniformity_Of_Cell_Size" <= 10.0], [1.0 <= "Single_Epithelial_Cell_Size" <= 6.0], [6.0 <= "Bare_Nuclei" <= 10.0], [8.0 <= "Bland_Chromatin" <= 9.0], [1.0 <= "Mitoses" <= 5.0]	[Benign]	0.0	0.0	15.0	458.0
