[1.0 <= "Clump_Thickness" <= 8.0], [-999.0 <= "Bare_Nuclei" <= 8.0], [1.0 <= "Normal_Nucleoli" <= 3.0]	[Benign]	0.20489110746805678	442.0	14.0	16.0
[1.0 <= "Uniformity_Of_Cell_Size" <= 5.0], [1.0 <= "Uniformity_Of_Cell_Shape" <= 3.0], ["Mitoses" = 1.0]	[Benign]	0.19507532731206037	424.0	15.0	34.0
[1.0 <= "Marginal_Adhesion" <= 9.0], [1.0 <= "Bland_Chromatin" <= 3.0], [1.0 <= "Normal_Nucleoli" <= 9.0], [1.0 <= "Mitoses" <= 8.0], ["?" = 0.0]	[Benign]	0.18461484933514255	437.0	33.0	21.0
[1.0 <= "Bare_Nuclei" <= 4.0]	[Benign]	0.1633029813692563	428.0	51.0	30.0
[1.0 <= "Clump_Thickness" <= 4.0], [1.0 <= "Uniformity_Of_Cell_Shape" <= 8.0], [1.0 <= "Bland_Chromatin" <= 6.0]	[Benign]	0.16133818801025787	348.0	11.0	110.0
["Marginal_Adhesion" = 1.0], [2.0 <= "Single_Epithelial_Cell_Size" <= 10.0]	[Benign]	0.13573447455080934	336.0	32.0	122.0
[3.0 <= "Clump_Thickness" <= 5.0], [1.0 <= "Uniformity_Of_Cell_Shape" <= 8.0], [1.0 <= "Marginal_Adhesion" <= 3.0], [2.0 <= "Single_Epithelial_Cell_Size" <= 10.0], [1.0 <= "Mitoses" <= 8.0]	[Benign]	0.09637720757837175	222.0	14.0	236.0
[1.0 <= "Single_Epithelial_Cell_Size" <= 8.0], [2.0 <= "Bland_Chromatin" <= 10.0], ["Normal_Nucleoli" = 1.0], [1.0 <= "Mitoses" <= 5.0]	[Benign]	0.09395600909535591	257.0	35.0	201.0
[2.0 <= "Clump_Thickness" <= 10.0], [2.0 <= "Single_Epithelial_Cell_Size" <= 7.0], ["Bland_Chromatin" = 1.0], [1.0 <= "Mitoses" <= 5.0], ["?" = 0.0]	[Benign]	0.04251730962482681	90.0	2.0	368.0
[2.0 <= "Uniformity_Of_Cell_Shape" <= 10.0], [1.0 <= "Marginal_Adhesion" <= 2.0], [-999.0 <= "Bare_Nuclei" <= 2.0], [1.0 <= "Normal_Nucleoli" <= 9.0]	[Benign]	0.03334213397025385	79.0	6.0	379.0
[1.0 <= "Clump_Thickness" <= 5.0], [1.0 <= "Uniformity_Of_Cell_Size" <= 6.0], [3.0 <= "Bland_Chromatin" <= 10.0]	[Benign]	0.029093268331419717	135.0	40.0	323.0
[1.0 <= "Uniformity_Of_Cell_Size" <= 2.0], [2.0 <= "Marginal_Adhesion" <= 10.0], [1.0 <= "Single_Epithelial_Cell_Size" <= 8.0]	[Benign]	0.02732495430832111	63.0	4.0	395.0
[1.0 <= "Clump_Thickness" <= 9.0], ["Uniformity_Of_Cell_Shape" = 2.0], [1.0 <= "Single_Epithelial_Cell_Size" <= 6.0], [1.0 <= "Normal_Nucleoli" <= 9.0], [1.0 <= "Mitoses" <= 8.0]	[Benign]	0.021899259313836857	52.0	4.0	406.0
[1.0 <= "Clump_Thickness" <= 6.0], [2.0 <= "Uniformity_Of_Cell_Size" <= 10.0], [1.0 <= "Single_Epithelial_Cell_Size" <= 3.0], [1.0 <= "Normal_Nucleoli" <= 2.0], ["?" = 0.0]	[Benign]	0.020024518983792504	52.0	6.0	406.0
["Clump_Thickness" = 2.0], [1.0 <= "Marginal_Adhesion" <= 9.0], [1.0 <= "Mitoses" <= 5.0]	[Benign]	0.01987715948186762	46.0	3.0	412.0
[2.0 <= "Clump_Thickness" <= 10.0], [1.0 <= "Marginal_Adhesion" <= 6.0], [1.0 <= "Bare_Nuclei" <= 10.0]	[Benign]	0.018319651412911534	307.0	142.0	151.0
[1.0 <= "Uniformity_Of_Cell_Shape" <= 2.0], [1.0 <= "Marginal_Adhesion" <= 9.0], [2.0 <= "Normal_Nucleoli" <= 10.0], [1.0 <= "Mitoses" <= 6.0]	[Benign]	0.01637532465140268	37.0	2.0	421.0
[2.0 <= "Uniformity_Of_Cell_Size" <= 6.0], [1.0 <= "Marginal_Adhesion" <= 7.0], [1.0 <= "Single_Epithelial_Cell_Size" <= 8.0], [1.0 <= "Bland_Chromatin" <= 2.0], [1.0 <= "Mitoses" <= 3.0]	[Benign]	0.01602943915382899	42.0	5.0	416.0
[2.0 <= "Uniformity_Of_Cell_Shape" <= 10.0], [1.0 <= "Single_Epithelial_Cell_Size" <= 4.0], [1.0 <= "Bare_Nuclei" <= 10.0], ["Normal_Nucleoli" = 1.0], ["?" = 0.0]	[Benign]	0.014940616167384017	74.0	23.0	384.0
[1.0 <= "Clump_Thickness" <= 4.0], [1.0 <= "Uniformity_Of_Cell_Size" <= 9.0], [2.0 <= "Bare_Nuclei" <= 5.0], ["?" = 0.0]	[Benign]	0.014549704155333288	39.0	5.0	419.0
[2.0 <= "Uniformity_Of_Cell_Size" <= 4.0], [2.0 <= "Uniformity_Of_Cell_Shape" <= 10.0], [1.0 <= "Marginal_Adhesion" <= 7.0], ["Bare_Nuclei" = 1.0], ["?" = 0.0]	[Benign]	0.013909099653909835	32.0	2.0	426.0
[1.0 <= "Clump_Thickness" <= 4.0], [2.0 <= "Uniformity_Of_Cell_Size" <= 10.0], ["Marginal_Adhesion" = 1.0], [1.0 <= "Bare_Nuclei" <= 10.0], [1.0 <= "Mitoses" <= 2.0]	[Benign]	0.013810859985959914	28.0	0.0	430.0
[1.0 <= "Clump_Thickness" <= 3.0], [1.0 <= "Uniformity_Of_Cell_Size" <= 4.0], [1.0 <= "Uniformity_Of_Cell_Shape" <= 6.0], [2.0 <= "Marginal_Adhesion" <= 10.0], [1.0 <= "Bare_Nuclei" <= 10.0]	[Benign]	0.011688473826291804	37.0	7.0	421.0
[2.0 <= "Uniformity_Of_Cell_Shape" <= 5.0], ["Bland_Chromatin" = 1.0]	[Benign]	0.011442874656416994	27.0	2.0	431.0
[1.0 <= "Clump_Thickness" <= 2.0], [2.0 <= "Uniformity_Of_Cell_Shape" <= 6.0], [-999.0 <= "Bare_Nuclei" <= 5.0], [1.0 <= "Bland_Chromatin" <= 7.0], ["Mitoses" = 1.0]	[Benign]	0.011393754822442035	25.0	1.0	433.0
[1.0 <= "Clump_Thickness" <= 8.0], [1.0 <= "Single_Epithelial_Cell_Size" <= 5.0], [2.0 <= "Bland_Chromatin" <= 4.0], ["Normal_Nucleoli" = 2.0], ["?" = 0.0]	[Benign]	0.011393754822442035	25.0	1.0	433.0
[1.0 <= "Uniformity_Of_Cell_Shape" <= 3.0], ["Marginal_Adhesion" = 2.0], [2.0 <= "Bland_Chromatin" <= 10.0], [1.0 <= "Mitoses" <= 8.0]	[Benign]	0.009025769492899113	24.0	3.0	434.0
["Uniformity_Of_Cell_Size" = 1.0], [3.0 <= "Single_Epithelial_Cell_Size" <= 8.0]	[Benign]	0.008976649658924151	22.0	2.0	436.0
[2.0 <= "Clump_Thickness" <= 10.0], [1.0 <= "Uniformity_Of_Cell_Size" <= 2.0], ["Marginal_Adhesion" = 1.0], [-999.0 <= "Bare_Nuclei" <= 3.0], [2.0 <= "Normal_Nucleoli" <= 10.0]	[Benign]	0.008434284825450623	19.0	1.0	439.0
[2.0 <= "Uniformity_Of_Cell_Shape" <= 10.0], [2.0 <= "Marginal_Adhesion" <= 10.0], [-999.0 <= "Bare_Nuclei" <= 3.0], [1.0 <= "Bland_Chromatin" <= 2.0]	[Benign]	0.007398674992478526	15.0	0.0	443.0
[1.0 <= "Clump_Thickness" <= 8.0], ["Marginal_Adhesion" = 1.0], [2.0 <= "Bare_Nuclei" <= 4.0], [1.0 <= "Bland_Chromatin" <= 4.0]	[Benign]	0.007151029162854763	24.0	5.0	434.0
[1.0 <= "Single_Epithelial_Cell_Size" <= 2.0], [1.0 <= "Bare_Nuclei" <= 10.0], [2.0 <= "Bland_Chromatin" <= 3.0], [2.0 <= "Normal_Nucleoli" <= 8.0]	[Benign]	0.0067069039973311545	25.0	6.0	433.0
[3.0 <= "Clump_Thickness" <= 10.0], ["Uniformity_Of_Cell_Size" = 1.0], [2.0 <= "Marginal_Adhesion" <= 8.0], [2.0 <= "Bland_Chromatin" <= 7.0], ["?" = 0.0]	[Benign]	0.0065104246614313115	17.0	2.0	441.0
[1.0 <= "Uniformity_Of_Cell_Shape" <= 2.0], [3.0 <= "Marginal_Adhesion" <= 10.0], [2.0 <= "Single_Epithelial_Cell_Size" <= 10.0], [2.0 <= "Bland_Chromatin" <= 10.0], ["Mitoses" = 1.0]	[Benign]	0.006412184993481389	13.0	0.0	445.0
["Clump_Thickness" = 1.0], [2.0 <= "Marginal_Adhesion" <= 10.0], [-999.0 <= "Bare_Nuclei" <= 8.0]	[Benign]	0.005968059827957782	14.0	1.0	444.0
[5.0 <= "Clump_Thickness" <= 10.0], [2.0 <= "Uniformity_Of_Cell_Size" <= 8.0], [1.0 <= "Uniformity_Of_Cell_Shape" <= 2.0], [1.0 <= "Bland_Chromatin" <= 7.0], [1.0 <= "Mitoses" <= 7.0]	[Benign]	0.00409331949791343	14.0	3.0	444.0
[1.0 <= "Uniformity_Of_Cell_Shape" <= 4.0], [1.0 <= "Single_Epithelial_Cell_Size" <= 2.0], [-999.0 <= "Bare_Nuclei" <= 7.0], [2.0 <= "Mitoses" <= 10.0]	[Benign]	0.003995079829963508	10.0	1.0	448.0
[1.0 <= "Clump_Thickness" <= 8.0], [2.0 <= "Uniformity_Of_Cell_Size" <= 9.0], [1.0 <= "Uniformity_Of_Cell_Shape" <= 2.0], [3.0 <= "Single_Epithelial_Cell_Size" <= 10.0], [1.0 <= "Normal_Nucleoli" <= 9.0]	[Benign]	0.002120339499919158	10.0	3.0	448.0
[1.0 <= "Uniformity_Of_Cell_Shape" <= 5.0], ["Marginal_Adhesion" = 2.0], [1.0 <= "Single_Epithelial_Cell_Size" <= 9.0], [2.0 <= "Normal_Nucleoli" <= 10.0], ["?" = 0.0]	[Benign]	1.9647933589984418E-4	8.0	4.0	450.0
["Clump_Thickness" = 6.0], [4.0 <= "Uniformity_Of_Cell_Size" <= 10.0], [5.0 <= "Bland_Chromatin" <= 10.0], [2.0 <= "Normal_Nucleoli" <= 10.0], [1.0 <= "Mitoses" <= 3.0]	[Benign]	0.0	1.0	10.0	457.0
[2.0 <= "Clump_Thickness" <= 10.0], [2.0 <= "Uniformity_Of_Cell_Shape" <= 10.0], [1.0 <= "Single_Epithelial_Cell_Size" <= 8.0], ["Bland_Chromatin" = 10.0], [1.0 <= "Mitoses" <= 3.0]	[Benign]	0.0	0.0	12.0	458.0
[1.0 <= "Clump_Thickness" <= 8.0], [6.0 <= "Uniformity_Of_Cell_Shape" <= 10.0], [3.0 <= "Mitoses" <= 10.0]	[Benign]	0.0	0.0	32.0	458.0
[9.0 <= "Clump_Thickness" <= 10.0], [1.0 <= "Single_Epithelial_Cell_Size" <= 4.0], [1.0 <= "Bare_Nuclei" <= 10.0], [1.0 <= "Bland_Chromatin" <= 5.0], [2.0 <= "Mitoses" <= 10.0]	[Benign]	0.0	0.0	14.0	458.0
[1.0 <= "Clump_Thickness" <= 8.0], [2.0 <= "Uniformity_Of_Cell_Shape" <= 8.0], [1.0 <= "Marginal_Adhesion" <= 8.0], [5.0 <= "Normal_Nucleoli" <= 10.0]	[Benign]	0.0	9.0	54.0	449.0
[5.0 <= "Clump_Thickness" <= 10.0], [2.0 <= "Uniformity_Of_Cell_Shape" <= 10.0], [-999.0 <= "Bare_Nuclei" <= 8.0], ["Normal_Nucleoli" = 10.0], ["?" = 0.0]	[Benign]	0.0	0.0	30.0	458.0
[4.0 <= "Uniformity_Of_Cell_Shape" <= 10.0], [-999.0 <= "Bare_Nuclei" <= 6.0], [1.0 <= "Bland_Chromatin" <= 7.0], [3.0 <= "Normal_Nucleoli" <= 5.0], ["?" = 0.0]	[Benign]	0.0	2.0	14.0	456.0
[1.0 <= "Marginal_Adhesion" <= 4.0], [2.0 <= "Bland_Chromatin" <= 7.0], [2.0 <= "Normal_Nucleoli" <= 4.0], ["?" = 0.0]	[Benign]	0.0	36.0	31.0	422.0
[1.0 <= "Uniformity_Of_Cell_Size" <= 9.0], [2.0 <= "Marginal_Adhesion" <= 10.0], [1.0 <= "Bare_Nuclei" <= 6.0], [3.0 <= "Normal_Nucleoli" <= 10.0], [1.0 <= "Mitoses" <= 2.0]	[Benign]	0.0	9.0	22.0	449.0
[2.0 <= "Uniformity_Of_Cell_Shape" <= 10.0], [5.0 <= "Marginal_Adhesion" <= 7.0], [1.0 <= "Single_Epithelial_Cell_Size" <= 8.0], [2.0 <= "Bland_Chromatin" <= 10.0], [2.0 <= "Normal_Nucleoli" <= 8.0]	[Benign]	0.0	5.0	21.0	453.0
[2.0 <= "Uniformity_Of_Cell_Size" <= 10.0], [2.0 <= "Uniformity_Of_Cell_Shape" <= 10.0], [4.0 <= "Marginal_Adhesion" <= 10.0], [2.0 <= "Mitoses" <= 3.0]	[Benign]	0.0	2.0	35.0	456.0
