[1.0 <= "Clump_Thickness" <= 6.0], [1.0 <= "Uniformity_Of_Cell_Size" <= 7.0], [-999.0 <= "Bare_Nuclei" <= 7.0], [1.0 <= "Normal_Nucleoli" <= 9.0], ["?" = 0.0]	[Benign]	0.20829470263057182	447.0	13.0	11.0
[1.0 <= "Uniformity_Of_Cell_Shape" <= 3.0], [1.0 <= "Marginal_Adhesion" <= 3.0], [1.0 <= "Bland_Chromatin" <= 7.0], [1.0 <= "Normal_Nucleoli" <= 3.0], [1.0 <= "Mitoses" <= 8.0]	[Benign]	0.20114367346771703	423.0	8.0	35.0
[1.0 <= "Uniformity_Of_Cell_Shape" <= 8.0], [1.0 <= "Single_Epithelial_Cell_Size" <= 2.0]	[Benign]	0.18017769099940448	409.0	23.0	49.0
[1.0 <= "Uniformity_Of_Cell_Size" <= 3.0], [2.0 <= "Single_Epithelial_Cell_Size" <= 4.0]	[Benign]	0.1722857710074273	393.0	23.0	65.0
["Uniformity_Of_Cell_Size" = 1.0], [1.0 <= "Marginal_Adhesion" <= 9.0], [1.0 <= "Bare_Nuclei" <= 10.0], ["Normal_Nucleoli" = 1.0]	[Benign]	0.1682456646629868	343.0	1.0	115.0
[1.0 <= "Bare_Nuclei" <= 5.0]	[Benign]	0.14948802806379852	438.0	71.0	20.0
[2.0 <= "Clump_Thickness" <= 10.0], [1.0 <= "Bare_Nuclei" <= 3.0], [1.0 <= "Bland_Chromatin" <= 3.0], [1.0 <= "Mitoses" <= 5.0]	[Benign]	0.13159612853841887	282.0	8.0	176.0
[1.0 <= "Clump_Thickness" <= 8.0], [1.0 <= "Uniformity_Of_Cell_Size" <= 2.0], [2.0 <= "Single_Epithelial_Cell_Size" <= 10.0], [2.0 <= "Bland_Chromatin" <= 10.0], [1.0 <= "Mitoses" <= 3.0]	[Benign]	0.11329694372299687	243.0	7.0	215.0
[1.0 <= "Uniformity_Of_Cell_Size" <= 9.0], [1.0 <= "Single_Epithelial_Cell_Size" <= 7.0], ["Bland_Chromatin" = 2.0]	[Benign]	0.07373910409516149	159.0	5.0	299.0
[2.0 <= "Clump_Thickness" <= 3.0], [1.0 <= "Marginal_Adhesion" <= 9.0], [1.0 <= "Normal_Nucleoli" <= 7.0], [1.0 <= "Mitoses" <= 8.0]	[Benign]	0.061111213444098554	141.0	9.0	317.0
[1.0 <= "Clump_Thickness" <= 2.0], [2.0 <= "Bland_Chromatin" <= 10.0]	[Benign]	0.051148073786177285	117.0	7.0	341.0
["Uniformity_Of_Cell_Shape" = 1.0], [1.0 <= "Marginal_Adhesion" <= 9.0], [1.0 <= "Single_Epithelial_Cell_Size" <= 3.0], [3.0 <= "Bland_Chromatin" <= 10.0]	[Benign]	0.05036010978282894	104.0	1.0	354.0
[1.0 <= "Uniformity_Of_Cell_Shape" <= 6.0], [1.0 <= "Bare_Nuclei" <= 4.0], [3.0 <= "Bland_Chromatin" <= 4.0]	[Benign]	0.04478296196692189	125.0	18.0	333.0
[2.0 <= "Clump_Thickness" <= 9.0], [1.0 <= "Uniformity_Of_Cell_Shape" <= 7.0], [2.0 <= "Single_Epithelial_Cell_Size" <= 10.0], ["Bland_Chromatin" = 1.0], [1.0 <= "Normal_Nucleoli" <= 9.0]	[Benign]	0.04345467978984898	90.0	1.0	368.0
[2.0 <= "Bland_Chromatin" <= 6.0]	[Benign]	0.04160654603654105	301.0	114.0	157.0
[4.0 <= "Clump_Thickness" <= 10.0], [2.0 <= "Single_Epithelial_Cell_Size" <= 10.0], [-999.0 <= "Bare_Nuclei" <= 6.0], ["Mitoses" = 1.0]	[Benign]	0.039895538486413265	155.0	39.0	303.0
[2.0 <= "Uniformity_Of_Cell_Shape" <= 8.0], [-999.0 <= "Bare_Nuclei" <= 8.0], [1.0 <= "Bland_Chromatin" <= 3.0], [1.0 <= "Normal_Nucleoli" <= 2.0], ["?" = 0.0]	[Benign]	0.03575923913377173	82.0	5.0	376.0
[1.0 <= "Uniformity_Of_Cell_Shape" <= 2.0], [2.0 <= "Marginal_Adhesion" <= 10.0], [-999.0 <= "Bare_Nuclei" <= 8.0], [1.0 <= "Normal_Nucleoli" <= 3.0]	[Benign]	0.029150574804390497	61.0	1.0	397.0
[2.0 <= "Uniformity_Of_Cell_Shape" <= 10.0], [1.0 <= "Marginal_Adhesion" <= 5.0], [2.0 <= "Single_Epithelial_Cell_Size" <= 10.0], ["Bare_Nuclei" = 1.0], [1.0 <= "Mitoses" <= 5.0]	[Benign]	0.028458803809243125	71.0	7.0	387.0
[1.0 <= "Clump_Thickness" <= 6.0], [2.0 <= "Uniformity_Of_Cell_Shape" <= 3.0], ["Marginal_Adhesion" = 1.0], [1.0 <= "Mitoses" <= 3.0], ["?" = 0.0]	[Benign]	0.024365484311329698	57.0	4.0	401.0
[1.0 <= "Uniformity_Of_Cell_Size" <= 3.0], [2.0 <= "Marginal_Adhesion" <= 3.0], [2.0 <= "Single_Epithelial_Cell_Size" <= 3.0], [1.0 <= "Bare_Nuclei" <= 10.0], [1.0 <= "Normal_Nucleoli" <= 9.0]	[Benign]	0.024316364477354736	55.0	3.0	403.0
[1.0 <= "Clump_Thickness" <= 8.0], [2.0 <= "Uniformity_Of_Cell_Size" <= 10.0], [1.0 <= "Single_Epithelial_Cell_Size" <= 5.0], [-999.0 <= "Bare_Nuclei" <= 2.0], [1.0 <= "Bland_Chromatin" <= 7.0]	[Benign]	0.02347723398028248	59.0	6.0	399.0
[1.0 <= "Clump_Thickness" <= 8.0], [2.0 <= "Uniformity_Of_Cell_Shape" <= 10.0], [1.0 <= "Single_Epithelial_Cell_Size" <= 4.0], [1.0 <= "Bare_Nuclei" <= 5.0], [2.0 <= "Bland_Chromatin" <= 3.0]	[Benign]	0.022983988980783913	58.0	6.0	400.0
["Uniformity_Of_Cell_Size" = 1.0], [2.0 <= "Uniformity_Of_Cell_Shape" <= 8.0], [1.0 <= "Bare_Nuclei" <= 10.0], [1.0 <= "Normal_Nucleoli" <= 8.0]	[Benign]	0.022245144811410534	47.0	1.0	411.0
["Clump_Thickness" = 2.0], [1.0 <= "Uniformity_Of_Cell_Shape" <= 8.0], [1.0 <= "Single_Epithelial_Cell_Size" <= 3.0], [1.0 <= "Bare_Nuclei" <= 10.0]	[Benign]	0.021258654812413406	45.0	1.0	413.0
[2.0 <= "Uniformity_Of_Cell_Size" <= 5.0], [1.0 <= "Uniformity_Of_Cell_Shape" <= 2.0], [1.0 <= "Marginal_Adhesion" <= 9.0], [1.0 <= "Single_Epithelial_Cell_Size" <= 9.0], [1.0 <= "Normal_Nucleoli" <= 9.0]	[Benign]	0.020419524315341147	49.0	4.0	409.0
[1.0 <= "Clump_Thickness" <= 3.0], [1.0 <= "Uniformity_Of_Cell_Size" <= 3.0], [2.0 <= "Uniformity_Of_Cell_Shape" <= 3.0], [1.0 <= "Single_Epithelial_Cell_Size" <= 8.0], [-999.0 <= "Bare_Nuclei" <= 8.0]	[Benign]	0.020223044979441305	41.0	0.0	417.0
[2.0 <= "Marginal_Adhesion" <= 4.0], [1.0 <= "Bland_Chromatin" <= 6.0], ["Normal_Nucleoli" = 1.0]	[Benign]	0.020122758651742425	56.0	8.0	402.0
[1.0 <= "Uniformity_Of_Cell_Size" <= 5.0], [1.0 <= "Uniformity_Of_Cell_Shape" <= 4.0], [-999.0 <= "Bare_Nuclei" <= 8.0], [2.0 <= "Normal_Nucleoli" <= 3.0], [1.0 <= "Mitoses" <= 4.0]	[Benign]	0.01642444448537764	39.0	3.0	419.0
["Uniformity_Of_Cell_Shape" = 2.0], [1.0 <= "Single_Epithelial_Cell_Size" <= 7.0], [2.0 <= "Bland_Chromatin" <= 5.0], [1.0 <= "Mitoses" <= 4.0]	[Benign]	0.015882079651904107	36.0	2.0	422.0
[2.0 <= "Clump_Thickness" <= 10.0], ["Uniformity_Of_Cell_Shape" = 1.0], [2.0 <= "Marginal_Adhesion" <= 10.0], ["?" = 0.0]	[Benign]	0.01583295981792915	34.0	1.0	424.0
[1.0 <= "Uniformity_Of_Cell_Size" <= 9.0], ["Single_Epithelial_Cell_Size" = 1.0], [2.0 <= "Bland_Chromatin" <= 10.0], [1.0 <= "Mitoses" <= 8.0]	[Benign]	0.014846469818932015	32.0	1.0	426.0
[1.0 <= "Clump_Thickness" <= 6.0], [1.0 <= "Single_Epithelial_Cell_Size" <= 4.0], ["Bare_Nuclei" = 1.0], [2.0 <= "Normal_Nucleoli" <= 10.0]	[Benign]	0.014846469818932015	32.0	1.0	426.0
["Uniformity_Of_Cell_Size" = 2.0], [1.0 <= "Marginal_Adhesion" <= 9.0], [1.0 <= "Bland_Chromatin" <= 4.0], [1.0 <= "Mitoses" <= 3.0]	[Benign]	0.014451464487383365	35.0	3.0	423.0
[2.0 <= "Uniformity_Of_Cell_Size" <= 10.0], [2.0 <= "Single_Epithelial_Cell_Size" <= 10.0], [1.0 <= "Bland_Chromatin" <= 2.0], [1.0 <= "Mitoses" <= 7.0], ["?" = 0.0]	[Benign]	0.012674963825288939	39.0	7.0	419.0
[5.0 <= "Clump_Thickness" <= 10.0], [1.0 <= "Uniformity_Of_Cell_Shape" <= 4.0], [2.0 <= "Single_Epithelial_Cell_Size" <= 10.0], ["Bland_Chromatin" = 2.0]	[Benign]	0.012429364655414131	29.0	2.0	429.0
[1.0 <= "Clump_Thickness" <= 8.0], [1.0 <= "Marginal_Adhesion" <= 2.0], [1.0 <= "Bland_Chromatin" <= 7.0], ["Normal_Nucleoli" = 2.0], [1.0 <= "Mitoses" <= 8.0]	[Benign]	0.01233112498746421	25.0	0.0	433.0
["Uniformity_Of_Cell_Shape" = 1.0], [1.0 <= "Marginal_Adhesion" <= 3.0], [2.0 <= "Bare_Nuclei" <= 3.0]	[Benign]	0.010851389988968504	22.0	0.0	436.0
[3.0 <= "Single_Epithelial_Cell_Size" <= 8.0], [1.0 <= "Bland_Chromatin" <= 2.0]	[Benign]	0.010505504491394821	27.0	3.0	431.0
[2.0 <= "Uniformity_Of_Cell_Size" <= 10.0], ["Uniformity_Of_Cell_Shape" = 1.0], [1.0 <= "Bare_Nuclei" <= 10.0], [1.0 <= "Normal_Nucleoli" <= 8.0], ["Mitoses" = 1.0]	[Benign]	0.010358144989469936	21.0	0.0	437.0
[5.0 <= "Clump_Thickness" <= 10.0], [1.0 <= "Uniformity_Of_Cell_Size" <= 2.0], [2.0 <= "Marginal_Adhesion" <= 10.0], [1.0 <= "Normal_Nucleoli" <= 9.0], [1.0 <= "Mitoses" <= 7.0]	[Benign]	0.009469894658422724	23.0	2.0	435.0
["Clump_Thickness" = 1.0], [2.0 <= "Uniformity_Of_Cell_Shape" <= 7.0], [1.0 <= "Mitoses" <= 8.0]	[Benign]	0.009420774824447762	21.0	1.0	437.0
["Marginal_Adhesion" = 2.0], [2.0 <= "Single_Epithelial_Cell_Size" <= 10.0], [-999.0 <= "Bare_Nuclei" <= 9.0], [1.0 <= "Bland_Chromatin" <= 7.0], ["?" = 0.0]	[Benign]	0.008778123663275355	33.0	8.0	425.0
[3.0 <= "Clump_Thickness" <= 10.0], [2.0 <= "Uniformity_Of_Cell_Size" <= 3.0], [1.0 <= "Uniformity_Of_Cell_Shape" <= 3.0], [1.0 <= "Bare_Nuclei" <= 10.0]	[Benign]	0.008086352668127983	43.0	14.0	415.0
[1.0 <= "Clump_Thickness" <= 2.0], [1.0 <= "Uniformity_Of_Cell_Size" <= 8.0], [2.0 <= "Marginal_Adhesion" <= 10.0], [1.0 <= "Bare_Nuclei" <= 7.0], ["?" = 0.0]	[Benign]	0.007990159659927016	20.0	2.0	438.0
[1.0 <= "Clump_Thickness" <= 6.0], [1.0 <= "Uniformity_Of_Cell_Shape" <= 6.0], [1.0 <= "Marginal_Adhesion" <= 6.0], [2.0 <= "Bare_Nuclei" <= 8.0]	[Benign]	0.007740467170554302	48.0	17.0	410.0
[1.0 <= "Uniformity_Of_Cell_Shape" <= 8.0], [2.0 <= "Marginal_Adhesion" <= 10.0], ["Bland_Chromatin" = 2.0]	[Benign]	0.0070527894949048405	20.0	3.0	438.0
[2.0 <= "Clump_Thickness" <= 3.0], [1.0 <= "Marginal_Adhesion" <= 2.0], [2.0 <= "Single_Epithelial_Cell_Size" <= 10.0], [2.0 <= "Bare_Nuclei" <= 6.0], [1.0 <= "Normal_Nucleoli" <= 7.0]	[Benign]	0.006905429992979957	14.0	0.0	444.0
[1.0 <= "Uniformity_Of_Cell_Size" <= 8.0], [1.0 <= "Uniformity_Of_Cell_Shape" <= 8.0], [1.0 <= "Bland_Chromatin" <= 2.0], [2.0 <= "Normal_Nucleoli" <= 7.0]	[Benign]	0.006608664329381233	21.0	4.0	437.0
["Uniformity_Of_Cell_Size" = 1.0], [1.0 <= "Single_Epithelial_Cell_Size" <= 9.0], [2.0 <= "Bare_Nuclei" <= 7.0], [2.0 <= "Bland_Chromatin" <= 10.0], ["?" = 0.0]	[Benign]	0.0065104246614313115	17.0	2.0	441.0
