[1.0 <= "Clump_Thickness" <= 8.0], [1.0 <= "Uniformity_Of_Cell_Size" <= 6.0], [1.0 <= "Marginal_Adhesion" <= 9.0], [-999.0 <= "Bare_Nuclei" <= 3.0], [1.0 <= "Normal_Nucleoli" <= 9.0]	[Benign]	0.20661848829617627	436.0	9.0	22.0
[1.0 <= "Uniformity_Of_Cell_Shape" <= 2.0], [1.0 <= "Single_Epithelial_Cell_Size" <= 7.0], [1.0 <= "Bland_Chromatin" <= 7.0], [1.0 <= "Mitoses" <= 6.0]	[Benign]	0.19118053380979574	399.0	6.0	59.0
[1.0 <= "Uniformity_Of_Cell_Shape" <= 8.0], [1.0 <= "Bare_Nuclei" <= 9.0], [1.0 <= "Normal_Nucleoli" <= 4.0], ["Mitoses" = 1.0], ["?" = 0.0]	[Benign]	0.1846660158288665	420.0	24.0	38.0
[2.0 <= "Clump_Thickness" <= 6.0], [1.0 <= "Normal_Nucleoli" <= 2.0]	[Benign]	0.12710575704920782	290.0	17.0	168.0
[1.0 <= "Uniformity_Of_Cell_Shape" <= 8.0], ["Marginal_Adhesion" = 1.0], [2.0 <= "Bland_Chromatin" <= 4.0], [1.0 <= "Normal_Nucleoli" <= 9.0], [1.0 <= "Mitoses" <= 3.0]	[Benign]	0.11487491838944248	250.0	9.0	208.0
[1.0 <= "Clump_Thickness" <= 3.0], [1.0 <= "Marginal_Adhesion" <= 2.0], [2.0 <= "Single_Epithelial_Cell_Size" <= 8.0]	[Benign]	0.11260721938759849	234.0	3.0	224.0
["Uniformity_Of_Cell_Shape" = 1.0], [1.0 <= "Bare_Nuclei" <= 10.0], [2.0 <= "Bland_Chromatin" <= 7.0]	[Benign]	0.10811889455813642	223.0	2.0	235.0
[2.0 <= "Clump_Thickness" <= 10.0], [1.0 <= "Bare_Nuclei" <= 10.0], [1.0 <= "Bland_Chromatin" <= 2.0], [1.0 <= "Mitoses" <= 8.0]	[Benign]	0.09460275357602625	207.0	8.0	251.0
[1.0 <= "Clump_Thickness" <= 2.0], [1.0 <= "Normal_Nucleoli" <= 8.0], [1.0 <= "Mitoses" <= 8.0]	[Benign]	0.08804320908061998	188.0	5.0	270.0
[2.0 <= "Clump_Thickness" <= 10.0], ["Uniformity_Of_Cell_Size" = 1.0], [1.0 <= "Single_Epithelial_Cell_Size" <= 8.0], [-999.0 <= "Bare_Nuclei" <= 8.0], [2.0 <= "Bland_Chromatin" <= 10.0]	[Benign]	0.08247015458421084	171.0	2.0	287.0
[1.0 <= "Uniformity_Of_Cell_Size" <= 9.0], ["Bland_Chromatin" = 2.0], [1.0 <= "Mitoses" <= 3.0]	[Benign]	0.07467647426018367	159.0	4.0	299.0
[4.0 <= "Clump_Thickness" <= 7.0], [1.0 <= "Uniformity_Of_Cell_Size" <= 9.0], [1.0 <= "Uniformity_Of_Cell_Shape" <= 8.0], [2.0 <= "Single_Epithelial_Cell_Size" <= 10.0], [1.0 <= "Bare_Nuclei" <= 2.0]	[Benign]	0.06584718410318441	143.0	5.0	315.0
["Clump_Thickness" = 1.0], [1.0 <= "Uniformity_Of_Cell_Shape" <= 8.0], [2.0 <= "Single_Epithelial_Cell_Size" <= 10.0], [-999.0 <= "Bare_Nuclei" <= 5.0], [1.0 <= "Mitoses" <= 7.0]	[Benign]	0.057216419941833935	116.0	0.0	342.0
[1.0 <= "Clump_Thickness" <= 8.0], ["Bare_Nuclei" = 1.0], [3.0 <= "Bland_Chromatin" <= 10.0]	[Benign]	0.04730035345813865	113.0	9.0	345.0
[1.0 <= "Uniformity_Of_Cell_Size" <= 8.0], ["Marginal_Adhesion" = 1.0], ["Bland_Chromatin" = 3.0]	[Benign]	0.04720211379018874	109.0	7.0	349.0
[2.0 <= "Clump_Thickness" <= 10.0], [1.0 <= "Single_Epithelial_Cell_Size" <= 8.0], ["Bland_Chromatin" = 1.0], [1.0 <= "Normal_Nucleoli" <= 9.0]	[Benign]	0.044983534622319646	95.0	2.0	363.0
["Clump_Thickness" = 3.0], [1.0 <= "Uniformity_Of_Cell_Size" <= 9.0], [1.0 <= "Bland_Chromatin" <= 7.0], [1.0 <= "Mitoses" <= 8.0], ["?" = 0.0]	[Benign]	0.03891518846666298	96.0	9.0	362.0
[2.0 <= "Uniformity_Of_Cell_Shape" <= 6.0], [1.0 <= "Single_Epithelial_Cell_Size" <= 7.0], [-999.0 <= "Bare_Nuclei" <= 3.0], [1.0 <= "Bland_Chromatin" <= 6.0], [1.0 <= "Normal_Nucleoli" <= 2.0]	[Benign]	0.03807810462933969	81.0	2.0	377.0
[1.0 <= "Uniformity_Of_Cell_Size" <= 2.0], [2.0 <= "Uniformity_Of_Cell_Shape" <= 10.0], [1.0 <= "Single_Epithelial_Cell_Size" <= 3.0], [1.0 <= "Mitoses" <= 8.0], ["?" = 0.0]	[Benign]	0.032257404303306786	73.0	4.0	385.0
[1.0 <= "Uniformity_Of_Cell_Shape" <= 4.0], [2.0 <= "Marginal_Adhesion" <= 9.0], [1.0 <= "Single_Epithelial_Cell_Size" <= 6.0], [1.0 <= "Bare_Nuclei" <= 4.0], [1.0 <= "Normal_Nucleoli" <= 8.0]	[Benign]	0.03220828446933183	71.0	3.0	387.0
[2.0 <= "Uniformity_Of_Cell_Size" <= 3.0], [-999.0 <= "Bare_Nuclei" <= 2.0], [1.0 <= "Normal_Nucleoli" <= 8.0], [1.0 <= "Mitoses" <= 3.0], ["?" = 0.0]	[Benign]	0.028114964971418396	57.0	0.0	401.0
[1.0 <= "Uniformity_Of_Cell_Size" <= 4.0], [1.0 <= "Single_Epithelial_Cell_Size" <= 8.0], [3.0 <= "Bland_Chromatin" <= 6.0]	[Benign]	0.0277608928348489	138.0	43.0	320.0
[1.0 <= "Clump_Thickness" <= 2.0], [1.0 <= "Marginal_Adhesion" <= 6.0], [-999.0 <= "Bare_Nuclei" <= 4.0], [3.0 <= "Bland_Chromatin" <= 10.0], [1.0 <= "Mitoses" <= 2.0]	[Benign]	0.02712847497242126	55.0	0.0	403.0
[1.0 <= "Clump_Thickness" <= 8.0], [2.0 <= "Marginal_Adhesion" <= 3.0], [-999.0 <= "Bare_Nuclei" <= 1.0], [1.0 <= "Bland_Chromatin" <= 7.0]	[Benign]	0.025204614808401953	53.0	1.0	405.0
[1.0 <= "Clump_Thickness" <= 8.0], ["Uniformity_Of_Cell_Shape" = 2.0], [1.0 <= "Marginal_Adhesion" <= 6.0]	[Benign]	0.024218124809404808	51.0	1.0	407.0
[1.0 <= "Clump_Thickness" <= 5.0], [2.0 <= "Uniformity_Of_Cell_Size" <= 4.0], [1.0 <= "Uniformity_Of_Cell_Shape" <= 2.0], [1.0 <= "Mitoses" <= 8.0]	[Benign]	0.022245144811410534	47.0	1.0	411.0
["Clump_Thickness" = 2.0], [1.0 <= "Uniformity_Of_Cell_Size" <= 4.0], ["Normal_Nucleoli" = 1.0], [1.0 <= "Mitoses" <= 8.0], ["?" = 0.0]	[Benign]	0.022196024977435575	45.0	0.0	413.0
[2.0 <= "Uniformity_Of_Cell_Size" <= 10.0], [1.0 <= "Single_Epithelial_Cell_Size" <= 3.0], [1.0 <= "Bare_Nuclei" <= 3.0]	[Benign]	0.020665123485215958	59.0	9.0	399.0
[1.0 <= "Clump_Thickness" <= 8.0], [2.0 <= "Uniformity_Of_Cell_Size" <= 10.0], [1.0 <= "Uniformity_Of_Cell_Shape" <= 7.0], [-999.0 <= "Bare_Nuclei" <= 8.0], [1.0 <= "Bland_Chromatin" <= 2.0]	[Benign]	0.019778919813917696	42.0	1.0	416.0
[2.0 <= "Uniformity_Of_Cell_Shape" <= 4.0], [1.0 <= "Marginal_Adhesion" <= 6.0], [2.0 <= "Bland_Chromatin" <= 10.0], ["Normal_Nucleoli" = 1.0], ["?" = 0.0]	[Benign]	0.019531273984293933	51.0	6.0	407.0
[1.0 <= "Uniformity_Of_Cell_Size" <= 9.0], [2.0 <= "Uniformity_Of_Cell_Shape" <= 10.0], [1.0 <= "Marginal_Adhesion" <= 2.0], [1.0 <= "Bare_Nuclei" <= 8.0]	[Benign]	0.019330701328896173	81.0	22.0	377.0
[1.0 <= "Uniformity_Of_Cell_Size" <= 7.0], [1.0 <= "Uniformity_Of_Cell_Shape" <= 3.0], [1.0 <= "Single_Epithelial_Cell_Size" <= 9.0], [-999.0 <= "Bare_Nuclei" <= 2.0], [2.0 <= "Normal_Nucleoli" <= 10.0]	[Benign]	0.019285674814419125	41.0	1.0	417.0
[4.0 <= "Clump_Thickness" <= 8.0], [1.0 <= "Uniformity_Of_Cell_Size" <= 9.0], [2.0 <= "Uniformity_Of_Cell_Shape" <= 4.0], [1.0 <= "Single_Epithelial_Cell_Size" <= 2.0], [1.0 <= "Normal_Nucleoli" <= 5.0]	[Benign]	0.017904179483873343	42.0	3.0	416.0
[3.0 <= "Clump_Thickness" <= 7.0], [1.0 <= "Uniformity_Of_Cell_Size" <= 6.0], [2.0 <= "Marginal_Adhesion" <= 10.0], [2.0 <= "Single_Epithelial_Cell_Size" <= 10.0], [1.0 <= "Bland_Chromatin" <= 2.0]	[Benign]	0.017263574982449893	35.0	0.0	423.0
["Uniformity_Of_Cell_Size" = 1.0], [2.0 <= "Uniformity_Of_Cell_Shape" <= 10.0], [1.0 <= "Marginal_Adhesion" <= 4.0], [1.0 <= "Single_Epithelial_Cell_Size" <= 8.0], [2.0 <= "Bland_Chromatin" <= 3.0]	[Benign]	0.016770329982951325	34.0	0.0	424.0
[1.0 <= "Clump_Thickness" <= 8.0], [1.0 <= "Uniformity_Of_Cell_Shape" <= 2.0], [2.0 <= "Bare_Nuclei" <= 10.0], [1.0 <= "Normal_Nucleoli" <= 9.0]	[Benign]	0.01602943915382899	42.0	5.0	416.0
[1.0 <= "Uniformity_Of_Cell_Size" <= 9.0], [1.0 <= "Uniformity_Of_Cell_Shape" <= 2.0], [2.0 <= "Marginal_Adhesion" <= 4.0], [2.0 <= "Bland_Chromatin" <= 10.0]	[Benign]	0.014846469818932015	32.0	1.0	426.0
[1.0 <= "Uniformity_Of_Cell_Size" <= 2.0], ["Marginal_Adhesion" = 2.0], [1.0 <= "Single_Epithelial_Cell_Size" <= 4.0], [1.0 <= "Bland_Chromatin" <= 6.0], [1.0 <= "Mitoses" <= 7.0]	[Benign]	0.014797349984957051	30.0	0.0	428.0
[2.0 <= "Marginal_Adhesion" <= 10.0], ["Bland_Chromatin" = 1.0], [1.0 <= "Normal_Nucleoli" <= 3.0], [1.0 <= "Mitoses" <= 8.0]	[Benign]	0.014797349984957051	30.0	0.0	428.0
[1.0 <= "Clump_Thickness" <= 6.0], [1.0 <= "Uniformity_Of_Cell_Size" <= 9.0], [1.0 <= "Marginal_Adhesion" <= 9.0], [1.0 <= "Bland_Chromatin" <= 7.0], ["Normal_Nucleoli" = 2.0]	[Benign]	0.014304104985458484	29.0	0.0	429.0
[1.0 <= "Uniformity_Of_Cell_Size" <= 8.0], ["Single_Epithelial_Cell_Size" = 1.0], [1.0 <= "Bare_Nuclei" <= 10.0], [2.0 <= "Bland_Chromatin" <= 10.0]	[Benign]	0.013859979819934878	30.0	1.0	428.0
["Uniformity_Of_Cell_Size" = 2.0], [1.0 <= "Single_Epithelial_Cell_Size" <= 4.0], [1.0 <= "Bland_Chromatin" <= 7.0], ["Normal_Nucleoli" = 1.0], [1.0 <= "Mitoses" <= 5.0]	[Benign]	0.012873489820937742	28.0	1.0	430.0
["Uniformity_Of_Cell_Shape" = 1.0], [1.0 <= "Marginal_Adhesion" <= 3.0], [2.0 <= "Bare_Nuclei" <= 8.0], [1.0 <= "Bland_Chromatin" <= 4.0], ["?" = 0.0]	[Benign]	0.01238024482143917	27.0	1.0	431.0
[1.0 <= "Clump_Thickness" <= 8.0], ["Uniformity_Of_Cell_Size" = 1.0], [1.0 <= "Uniformity_Of_Cell_Shape" <= 6.0], [3.0 <= "Marginal_Adhesion" <= 10.0], [1.0 <= "Bare_Nuclei" <= 10.0]	[Benign]	0.01238024482143917	27.0	1.0	431.0
["Uniformity_Of_Cell_Shape" = 1.0], [1.0 <= "Bare_Nuclei" <= 2.0], [1.0 <= "Bland_Chromatin" <= 4.0], [2.0 <= "Normal_Nucleoli" <= 10.0], [1.0 <= "Mitoses" <= 8.0]	[Benign]	0.01233112498746421	25.0	0.0	433.0
[1.0 <= "Clump_Thickness" <= 7.0], ["Uniformity_Of_Cell_Size" = 1.0], [3.0 <= "Single_Epithelial_Cell_Size" <= 10.0], [1.0 <= "Normal_Nucleoli" <= 9.0]	[Benign]	0.011344634988467073	23.0	0.0	435.0
[1.0 <= "Clump_Thickness" <= 8.0], [1.0 <= "Uniformity_Of_Cell_Size" <= 3.0], [1.0 <= "Bare_Nuclei" <= 10.0], [2.0 <= "Normal_Nucleoli" <= 4.0], [1.0 <= "Mitoses" <= 3.0]	[Benign]	0.010751103661269622	37.0	8.0	421.0
[3.0 <= "Uniformity_Of_Cell_Shape" <= 8.0], [1.0 <= "Marginal_Adhesion" <= 9.0], [1.0 <= "Single_Epithelial_Cell_Size" <= 7.0], ["Bare_Nuclei" = 1.0], ["?" = 0.0]	[Benign]	0.010652863993319703	33.0	6.0	425.0
[2.0 <= "Clump_Thickness" <= 10.0], ["Uniformity_Of_Cell_Size" = 2.0], [1.0 <= "Uniformity_Of_Cell_Shape" <= 7.0], [1.0 <= "Normal_Nucleoli" <= 3.0], ["?" = 0.0]	[Benign]	0.010554624325369782	29.0	4.0	429.0
[1.0 <= "Clump_Thickness" <= 9.0], [1.0 <= "Uniformity_Of_Cell_Size" <= 5.0], ["Marginal_Adhesion" = 3.0], [1.0 <= "Single_Epithelial_Cell_Size" <= 2.0], ["?" = 0.0]	[Benign]	0.010456384657419859	25.0	2.0	433.0
