[1.0 <= "Uniformity_Of_Cell_Size" <= 3.0], [-999.0 <= "Bare_Nuclei" <= 8.0]	[Benign]	0.19926688647792373	442.0	20.0	16.0
[1.0 <= "Single_Epithelial_Cell_Size" <= 8.0], [1.0 <= "Bare_Nuclei" <= 8.0], [1.0 <= "Normal_Nucleoli" <= 2.0], [1.0 <= "Mitoses" <= 8.0]	[Benign]	0.19399059764511328	418.0	13.0	40.0
[1.0 <= "Marginal_Adhesion" <= 6.0], [1.0 <= "Bare_Nuclei" <= 2.0]	[Benign]	0.18812077748510542	408.0	14.0	50.0
[1.0 <= "Clump_Thickness" <= 8.0], [1.0 <= "Uniformity_Of_Cell_Size" <= 7.0], [1.0 <= "Bland_Chromatin" <= 6.0], [1.0 <= "Normal_Nucleoli" <= 4.0], ["?" = 0.0]	[Benign]	0.1865387094991619	439.0	32.0	19.0
[1.0 <= "Uniformity_Of_Cell_Shape" <= 2.0], [2.0 <= "Bland_Chromatin" <= 10.0], [1.0 <= "Mitoses" <= 2.0]	[Benign]	0.1265163190415083	266.0	5.0	192.0
[1.0 <= "Uniformity_Of_Cell_Shape" <= 8.0], [1.0 <= "Normal_Nucleoli" <= 9.0]	[Benign]	0.09092490600715103	458.0	144.0	0.0
[2.0 <= "Clump_Thickness" <= 4.0], [1.0 <= "Uniformity_Of_Cell_Size" <= 9.0], [1.0 <= "Single_Epithelial_Cell_Size" <= 5.0]	[Benign]	0.0856731770913281	206.0	17.0	252.0
["Clump_Thickness" = 1.0], [2.0 <= "Single_Epithelial_Cell_Size" <= 10.0], [1.0 <= "Bare_Nuclei" <= 10.0]	[Benign]	0.05391106444726883	115.0	3.0	343.0
[1.0 <= "Uniformity_Of_Cell_Size" <= 2.0], [2.0 <= "Uniformity_Of_Cell_Shape" <= 6.0], [1.0 <= "Marginal_Adhesion" <= 8.0], [1.0 <= "Single_Epithelial_Cell_Size" <= 2.0], [1.0 <= "Normal_Nucleoli" <= 9.0]	[Benign]	0.03265240963485543	70.0	2.0	388.0
[2.0 <= "Marginal_Adhesion" <= 10.0], [1.0 <= "Single_Epithelial_Cell_Size" <= 5.0], [-999.0 <= "Bare_Nuclei" <= 8.0], ["Normal_Nucleoli" = 1.0], ["?" = 0.0]	[Benign]	0.025351974310326833	59.0	4.0	399.0
[2.0 <= "Uniformity_Of_Cell_Size" <= 10.0], [1.0 <= "Uniformity_Of_Cell_Shape" <= 3.0], [1.0 <= "Bare_Nuclei" <= 9.0], [1.0 <= "Normal_Nucleoli" <= 2.0]	[Benign]	0.02283662947885903	52.0	3.0	406.0
["Uniformity_Of_Cell_Shape" = 2.0], [1.0 <= "Single_Epithelial_Cell_Size" <= 4.0], [-999.0 <= "Bare_Nuclei" <= 8.0]	[Benign]	0.02283662947885903	52.0	3.0	406.0
[3.0 <= "Clump_Thickness" <= 7.0], [2.0 <= "Uniformity_Of_Cell_Shape" <= 3.0], [1.0 <= "Marginal_Adhesion" <= 6.0], ["Normal_Nucleoli" = 1.0], [1.0 <= "Mitoses" <= 3.0]	[Benign]	0.01987715948186762	46.0	3.0	412.0
[1.0 <= "Uniformity_Of_Cell_Shape" <= 2.0], [1.0 <= "Single_Epithelial_Cell_Size" <= 8.0], [2.0 <= "Normal_Nucleoli" <= 10.0]	[Benign]	0.01450058432135833	37.0	4.0	421.0
["Uniformity_Of_Cell_Size" = 2.0], [1.0 <= "Marginal_Adhesion" <= 2.0], [-999.0 <= "Bare_Nuclei" <= 2.0], [1.0 <= "Normal_Nucleoli" <= 5.0], ["?" = 0.0]	[Benign]	0.013859979819934878	30.0	1.0	428.0
[2.0 <= "Uniformity_Of_Cell_Shape" <= 10.0], [1.0 <= "Single_Epithelial_Cell_Size" <= 6.0], [1.0 <= "Bland_Chromatin" <= 3.0]	[Benign]	0.012570584178092153	92.0	35.0	366.0
[1.0 <= "Clump_Thickness" <= 7.0], [1.0 <= "Marginal_Adhesion" <= 2.0], [2.0 <= "Single_Epithelial_Cell_Size" <= 10.0], [2.0 <= "Normal_Nucleoli" <= 5.0], ["Mitoses" = 1.0]	[Benign]	0.011985239489890524	30.0	3.0	428.0
[2.0 <= "Clump_Thickness" <= 10.0], ["Single_Epithelial_Cell_Size" = 1.0], [1.0 <= "Bare_Nuclei" <= 10.0]	[Benign]	0.009914019823946331	22.0	1.0	436.0
[1.0 <= "Uniformity_Of_Cell_Shape" <= 8.0], [-999.0 <= "Bare_Nuclei" <= 7.0], [2.0 <= "Bland_Chromatin" <= 3.0], ["Normal_Nucleoli" = 2.0], ["?" = 0.0]	[Benign]	0.008976649658924151	22.0	2.0	436.0
[2.0 <= "Uniformity_Of_Cell_Size" <= 10.0], [2.0 <= "Uniformity_Of_Cell_Shape" <= 6.0], [1.0 <= "Bland_Chromatin" <= 2.0]	[Benign]	0.008630764161350469	27.0	5.0	431.0
[1.0 <= "Clump_Thickness" <= 2.0], [2.0 <= "Uniformity_Of_Cell_Size" <= 6.0], ["Single_Epithelial_Cell_Size" = 2.0], [1.0 <= "Bland_Chromatin" <= 9.0], [1.0 <= "Normal_Nucleoli" <= 6.0]	[Benign]	0.005474814828459214	13.0	1.0	445.0
[1.0 <= "Clump_Thickness" <= 2.0], [1.0 <= "Uniformity_Of_Cell_Size" <= 9.0], [2.0 <= "Uniformity_Of_Cell_Shape" <= 10.0], [1.0 <= "Bare_Nuclei" <= 10.0]	[Benign]	0.004783043833311846	23.0	7.0	435.0
["Clump_Thickness" = 1.0], [1.0 <= "Uniformity_Of_Cell_Size" <= 9.0], [2.0 <= "Marginal_Adhesion" <= 10.0]	[Benign]	0.00409331949791343	14.0	3.0	444.0
[1.0 <= "Uniformity_Of_Cell_Shape" <= 8.0], ["Bare_Nuclei" = -999.0], [2.0 <= "Bland_Chromatin" <= 10.0]	[Benign]	0.0040441996639384685	12.0	2.0	446.0
[2.0 <= "Clump_Thickness" <= 10.0], ["Marginal_Adhesion" = 2.0], [1.0 <= "Normal_Nucleoli" <= 6.0]	[Benign]	0.0021182928401702003	29.0	13.0	429.0
[1.0 <= "Uniformity_Of_Cell_Shape" <= 2.0], [1.0 <= "Bare_Nuclei" <= 10.0], [1.0 <= "Bland_Chromatin" <= 7.0], [2.0 <= "Mitoses" <= 10.0], ["?" = 0.0]	[Benign]	7.388441693733744E-4	11.0	5.0	447.0
[1.0 <= "Uniformity_Of_Cell_Size" <= 5.0], [1.0 <= "Marginal_Adhesion" <= 4.0], [1.0 <= "Normal_Nucleoli" <= 3.0], [2.0 <= "Mitoses" <= 4.0]	[Benign]	1.9647933589984418E-4	8.0	4.0	450.0
[1.0 <= "Single_Epithelial_Cell_Size" <= 8.0], [2.0 <= "Bland_Chromatin" <= 7.0], [1.0 <= "Normal_Nucleoli" <= 2.0], [2.0 <= "Mitoses" <= 3.0], ["?" = 0.0]	[Benign]	0.0	5.0	5.0	453.0
[4.0 <= "Uniformity_Of_Cell_Shape" <= 5.0], [5.0 <= "Marginal_Adhesion" <= 10.0], [3.0 <= "Single_Epithelial_Cell_Size" <= 10.0], [1.0 <= "Normal_Nucleoli" <= 3.0], ["?" = 0.0]	[Benign]	0.0	1.0	9.0	457.0
[5.0 <= "Marginal_Adhesion" <= 10.0], [1.0 <= "Mitoses" <= 8.0]	[Benign]	0.0	10.0	123.0	448.0
["Uniformity_Of_Cell_Shape" = 10.0], [1.0 <= "Bare_Nuclei" <= 10.0], [2.0 <= "Normal_Nucleoli" <= 10.0], [4.0 <= "Mitoses" <= 10.0], ["?" = 0.0]	[Benign]	0.0	0.0	19.0	458.0
[2.0 <= "Marginal_Adhesion" <= 5.0], [4.0 <= "Bare_Nuclei" <= 5.0]	[Benign]	0.0	4.0	17.0	454.0
[2.0 <= "Marginal_Adhesion" <= 9.0], [1.0 <= "Bland_Chromatin" <= 5.0], [8.0 <= "Normal_Nucleoli" <= 10.0], [2.0 <= "Mitoses" <= 10.0]	[Benign]	0.0	0.0	12.0	458.0
[9.0 <= "Clump_Thickness" <= 10.0], [2.0 <= "Bare_Nuclei" <= 10.0], [2.0 <= "Bland_Chromatin" <= 10.0], [1.0 <= "Normal_Nucleoli" <= 9.0], ["?" = 0.0]	[Benign]	0.0	0.0	59.0	458.0
[9.0 <= "Uniformity_Of_Cell_Shape" <= 10.0], [3.0 <= "Single_Epithelial_Cell_Size" <= 10.0], [1.0 <= "Mitoses" <= 2.0], ["?" = 0.0]	[Benign]	0.0	0.0	34.0	458.0
[6.0 <= "Uniformity_Of_Cell_Shape" <= 9.0], [6.0 <= "Marginal_Adhesion" <= 9.0], [1.0 <= "Single_Epithelial_Cell_Size" <= 6.0], [7.0 <= "Bare_Nuclei" <= 10.0], ["?" = 0.0]	[Benign]	0.0	0.0	14.0	458.0
[9.0 <= "Uniformity_Of_Cell_Size" <= 10.0], [2.0 <= "Marginal_Adhesion" <= 10.0], [2.0 <= "Normal_Nucleoli" <= 10.0], [1.0 <= "Mitoses" <= 3.0]	[Benign]	0.0	1.0	41.0	457.0
[1.0 <= "Clump_Thickness" <= 8.0], [1.0 <= "Bland_Chromatin" <= 3.0], [6.0 <= "Normal_Nucleoli" <= 9.0]	[Benign]	0.0	4.0	9.0	454.0
[9.0 <= "Clump_Thickness" <= 10.0], [2.0 <= "Uniformity_Of_Cell_Size" <= 10.0], [5.0 <= "Single_Epithelial_Cell_Size" <= 10.0], [7.0 <= "Bland_Chromatin" <= 10.0], ["?" = 0.0]	[Benign]	0.0	0.0	28.0	458.0
[2.0 <= "Uniformity_Of_Cell_Shape" <= 10.0], [2.0 <= "Marginal_Adhesion" <= 10.0], [7.0 <= "Single_Epithelial_Cell_Size" <= 10.0]	[Benign]	0.0	3.0	54.0	455.0
[3.0 <= "Uniformity_Of_Cell_Size" <= 4.0], [3.0 <= "Single_Epithelial_Cell_Size" <= 10.0], [2.0 <= "Bland_Chromatin" <= 7.0], [8.0 <= "Normal_Nucleoli" <= 10.0], ["?" = 0.0]	[Benign]	0.0	1.0	9.0	457.0
[6.0 <= "Clump_Thickness" <= 10.0], [2.0 <= "Uniformity_Of_Cell_Size" <= 5.0], [2.0 <= "Bland_Chromatin" <= 10.0]	[Benign]	0.0	6.0	59.0	452.0
[5.0 <= "Clump_Thickness" <= 10.0], [3.0 <= "Marginal_Adhesion" <= 10.0], ["Bare_Nuclei" = 10.0], [2.0 <= "Bland_Chromatin" <= 10.0], [2.0 <= "Normal_Nucleoli" <= 3.0]	[Benign]	0.0	1.0	13.0	457.0
[5.0 <= "Uniformity_Of_Cell_Size" <= 9.0], [1.0 <= "Marginal_Adhesion" <= 8.0], ["Normal_Nucleoli" = 10.0]	[Benign]	0.0	0.0	19.0	458.0
[1.0 <= "Clump_Thickness" <= 8.0], [2.0 <= "Uniformity_Of_Cell_Shape" <= 10.0], [6.0 <= "Marginal_Adhesion" <= 7.0], [1.0 <= "Single_Epithelial_Cell_Size" <= 8.0], [1.0 <= "Bland_Chromatin" <= 9.0]	[Benign]	0.0	2.0	14.0	456.0
[2.0 <= "Marginal_Adhesion" <= 10.0], [6.0 <= "Single_Epithelial_Cell_Size" <= 8.0], [3.0 <= "Normal_Nucleoli" <= 8.0], [1.0 <= "Mitoses" <= 2.0], ["?" = 0.0]	[Benign]	0.0	4.0	12.0	454.0
[8.0 <= "Clump_Thickness" <= 10.0], [2.0 <= "Uniformity_Of_Cell_Shape" <= 10.0], [1.0 <= "Single_Epithelial_Cell_Size" <= 7.0], [6.0 <= "Bare_Nuclei" <= 10.0]	[Benign]	0.0	1.0	64.0	457.0
[2.0 <= "Uniformity_Of_Cell_Size" <= 10.0], [2.0 <= "Uniformity_Of_Cell_Shape" <= 7.0], ["Marginal_Adhesion" = 10.0], [5.0 <= "Normal_Nucleoli" <= 10.0]	[Benign]	0.0	0.0	12.0	458.0
[1.0 <= "Clump_Thickness" <= 6.0], [1.0 <= "Uniformity_Of_Cell_Size" <= 7.0], [3.0 <= "Marginal_Adhesion" <= 10.0], [6.0 <= "Bland_Chromatin" <= 10.0], [1.0 <= "Mitoses" <= 2.0]	[Benign]	0.0	3.0	15.0	455.0
[9.0 <= "Clump_Thickness" <= 10.0], [5.0 <= "Uniformity_Of_Cell_Size" <= 10.0], [-999.0 <= "Bare_Nuclei" <= 7.0], [2.0 <= "Mitoses" <= 8.0]	[Benign]	0.0	0.0	10.0	458.0
