[1.0 <= "Clump_Thickness" <= 8.0], [1.0 <= "Uniformity_Of_Cell_Shape" <= 4.0], [1.0 <= "Marginal_Adhesion" <= 9.0], [1.0 <= "Single_Epithelial_Cell_Size" <= 3.0], [1.0 <= "Normal_Nucleoli" <= 6.0]	[Benign]	0.20188251763709042	434.0	13.0	24.0
[1.0 <= "Bland_Chromatin" <= 3.0], [1.0 <= "Normal_Nucleoli" <= 2.0], [1.0 <= "Mitoses" <= 8.0]	[Benign]	0.1997130583031963	422.0	9.0	36.0
[1.0 <= "Uniformity_Of_Cell_Shape" <= 2.0], [1.0 <= "Bare_Nuclei" <= 10.0]	[Benign]	0.1863954433167349	395.0	9.0	63.0
[1.0 <= "Uniformity_Of_Cell_Size" <= 9.0], [-999.0 <= "Bare_Nuclei" <= 7.0], ["Mitoses" = 1.0]	[Benign]	0.18471308900309252	441.0	35.0	17.0
[1.0 <= "Clump_Thickness" <= 3.0], [1.0 <= "Uniformity_Of_Cell_Shape" <= 7.0], [1.0 <= "Mitoses" <= 4.0]	[Benign]	0.12547866254878726	281.0	14.0	177.0
[1.0 <= "Single_Epithelial_Cell_Size" <= 2.0], [2.0 <= "Bland_Chromatin" <= 10.0]	[Benign]	0.1135896160670977	274.0	23.0	184.0
[2.0 <= "Clump_Thickness" <= 10.0], [2.0 <= "Single_Epithelial_Cell_Size" <= 10.0], ["Normal_Nucleoli" = 1.0]	[Benign]	0.08384346327576078	246.0	40.0	212.0
[1.0 <= "Single_Epithelial_Cell_Size" <= 7.0]	[Benign]	0.04632614341763529	455.0	190.0	3.0
[2.0 <= "Clump_Thickness" <= 10.0], [1.0 <= "Uniformity_Of_Cell_Size" <= 5.0], [1.0 <= "Bare_Nuclei" <= 10.0], ["Bland_Chromatin" = 1.0], [1.0 <= "Normal_Nucleoli" <= 5.0]	[Benign]	0.04592090478734182	95.0	1.0	363.0
[1.0 <= "Clump_Thickness" <= 4.0], [1.0 <= "Marginal_Adhesion" <= 2.0], [2.0 <= "Single_Epithelial_Cell_Size" <= 10.0], [3.0 <= "Bland_Chromatin" <= 10.0]	[Benign]	0.04157993945980463	90.0	3.0	368.0
[2.0 <= "Uniformity_Of_Cell_Shape" <= 3.0], [1.0 <= "Marginal_Adhesion" <= 8.0], [1.0 <= "Normal_Nucleoli" <= 9.0], [1.0 <= "Mitoses" <= 3.0]	[Benign]	0.025497287152502754	84.0	17.0	374.0
[1.0 <= "Uniformity_Of_Cell_Shape" <= 7.0], [2.0 <= "Marginal_Adhesion" <= 10.0], [-999.0 <= "Bare_Nuclei" <= 2.0]	[Benign]	0.0246110834812045	67.0	9.0	391.0
["Clump_Thickness" = 2.0], [1.0 <= "Normal_Nucleoli" <= 3.0], [1.0 <= "Mitoses" <= 5.0]	[Benign]	0.022689269976934146	46.0	0.0	412.0
[2.0 <= "Uniformity_Of_Cell_Size" <= 10.0], [1.0 <= "Uniformity_Of_Cell_Shape" <= 2.0], [1.0 <= "Marginal_Adhesion" <= 7.0]	[Benign]	0.021356894480363323	49.0	3.0	409.0
[1.0 <= "Clump_Thickness" <= 8.0], [2.0 <= "Uniformity_Of_Cell_Shape" <= 8.0], ["Bare_Nuclei" = 1.0], [2.0 <= "Bland_Chromatin" <= 10.0], [1.0 <= "Mitoses" <= 2.0]	[Benign]	0.01903802898479537	50.0	6.0	408.0
[2.0 <= "Uniformity_Of_Cell_Size" <= 4.0], [2.0 <= "Single_Epithelial_Cell_Size" <= 10.0], [-999.0 <= "Bare_Nuclei" <= 8.0], [1.0 <= "Normal_Nucleoli" <= 3.0], ["?" = 0.0]	[Benign]	0.01691564282512725	59.0	13.0	399.0
["Uniformity_Of_Cell_Size" = 1.0], [2.0 <= "Uniformity_Of_Cell_Shape" <= 10.0], [2.0 <= "Bland_Chromatin" <= 6.0], ["?" = 0.0]	[Benign]	0.01681944981692629	36.0	1.0	422.0
[1.0 <= "Uniformity_Of_Cell_Size" <= 3.0], ["Uniformity_Of_Cell_Shape" = 1.0], [1.0 <= "Single_Epithelial_Cell_Size" <= 8.0], [-999.0 <= "Bare_Nuclei" <= 8.0], [2.0 <= "Normal_Nucleoli" <= 10.0]	[Benign]	0.013317614986461347	27.0	0.0	431.0
["Uniformity_Of_Cell_Shape" = 1.0], [3.0 <= "Marginal_Adhesion" <= 10.0], [1.0 <= "Bland_Chromatin" <= 7.0], [1.0 <= "Normal_Nucleoli" <= 9.0], [1.0 <= "Mitoses" <= 6.0]	[Benign]	0.011393754822442035	25.0	1.0	433.0
["Marginal_Adhesion" = 2.0], [1.0 <= "Single_Epithelial_Cell_Size" <= 8.0], [-999.0 <= "Bare_Nuclei" <= 8.0], [1.0 <= "Bland_Chromatin" <= 6.0], [1.0 <= "Mitoses" <= 7.0]	[Benign]	0.011195228826793236	36.0	7.0	422.0
[2.0 <= "Clump_Thickness" <= 10.0], [1.0 <= "Uniformity_Of_Cell_Size" <= 2.0], [2.0 <= "Normal_Nucleoli" <= 4.0], [1.0 <= "Mitoses" <= 2.0], ["?" = 0.0]	[Benign]	0.010949629656918428	26.0	2.0	432.0
["Normal_Nucleoli" = 2.0], [1.0 <= "Mitoses" <= 8.0]	[Benign]	0.009173128994824	30.0	6.0	428.0
[2.0 <= "Uniformity_Of_Cell_Shape" <= 10.0], [1.0 <= "Single_Epithelial_Cell_Size" <= 2.0], [-999.0 <= "Bare_Nuclei" <= 2.0], [2.0 <= "Normal_Nucleoli" <= 9.0], ["?" = 0.0]	[Benign]	0.004981569828960646	12.0	1.0	446.0
[1.0 <= "Clump_Thickness" <= 9.0], [1.0 <= "Single_Epithelial_Cell_Size" <= 2.0], [-999.0 <= "Bare_Nuclei" <= 7.0], [2.0 <= "Mitoses" <= 10.0]	[Benign]	0.003995079829963508	10.0	1.0	448.0
[1.0 <= "Clump_Thickness" <= 5.0], [1.0 <= "Uniformity_Of_Cell_Size" <= 7.0], [1.0 <= "Uniformity_Of_Cell_Shape" <= 6.0], [2.0 <= "Normal_Nucleoli" <= 9.0]	[Benign]	0.0030536163454434207	48.0	22.0	410.0
[1.0 <= "Uniformity_Of_Cell_Size" <= 4.0], ["Marginal_Adhesion" = 1.0], [3.0 <= "Single_Epithelial_Cell_Size" <= 4.0], ["?" = 0.0]	[Benign]	0.002810063835317569	19.0	7.0	439.0
[2.0 <= "Clump_Thickness" <= 10.0], [2.0 <= "Uniformity_Of_Cell_Size" <= 10.0], ["Marginal_Adhesion" = 1.0], [1.0 <= "Normal_Nucleoli" <= 9.0], ["Mitoses" = 1.0]	[Benign]	0.0027588973415936515	36.0	16.0	422.0
[2.0 <= "Clump_Thickness" <= 10.0], [1.0 <= "Single_Epithelial_Cell_Size" <= 8.0], ["Bare_Nuclei" = -999.0]	[Benign]	0.0020712196659441965	8.0	2.0	450.0
[1.0 <= "Clump_Thickness" <= 2.0], [3.0 <= "Uniformity_Of_Cell_Shape" <= 10.0]	[Benign]	3.438388378247273E-4	14.0	7.0	444.0
[1.0 <= "Uniformity_Of_Cell_Shape" <= 3.0], [5.0 <= "Single_Epithelial_Cell_Size" <= 10.0], [2.0 <= "Bland_Chromatin" <= 10.0]	[Benign]	0.0	2.0	10.0	456.0
[2.0 <= "Uniformity_Of_Cell_Shape" <= 8.0], [3.0 <= "Bare_Nuclei" <= 10.0], [2.0 <= "Mitoses" <= 4.0]	[Benign]	0.0	3.0	53.0	455.0
[4.0 <= "Uniformity_Of_Cell_Size" <= 8.0], [3.0 <= "Uniformity_Of_Cell_Shape" <= 4.0], [6.0 <= "Bland_Chromatin" <= 10.0], [5.0 <= "Normal_Nucleoli" <= 10.0], [1.0 <= "Mitoses" <= 3.0]	[Benign]	0.0	1.0	9.0	457.0
[1.0 <= "Uniformity_Of_Cell_Size" <= 9.0], [1.0 <= "Single_Epithelial_Cell_Size" <= 4.0], [7.0 <= "Bland_Chromatin" <= 10.0], [2.0 <= "Normal_Nucleoli" <= 10.0]	[Benign]	0.0	2.0	32.0	456.0
[7.0 <= "Marginal_Adhesion" <= 10.0], [1.0 <= "Single_Epithelial_Cell_Size" <= 4.0], [7.0 <= "Bare_Nuclei" <= 10.0], [2.0 <= "Normal_Nucleoli" <= 10.0], [1.0 <= "Mitoses" <= 6.0]	[Benign]	0.0	0.0	17.0	458.0
[2.0 <= "Uniformity_Of_Cell_Size" <= 10.0], [2.0 <= "Marginal_Adhesion" <= 10.0], [1.0 <= "Bare_Nuclei" <= 10.0], ["Mitoses" = 10.0]	[Benign]	0.0	0.0	12.0	458.0
[9.0 <= "Bland_Chromatin" <= 10.0], ["?" = 0.0]	[Benign]	0.0	0.0	31.0	458.0
[2.0 <= "Clump_Thickness" <= 10.0], [7.0 <= "Uniformity_Of_Cell_Size" <= 10.0], [6.0 <= "Marginal_Adhesion" <= 10.0], [1.0 <= "Bland_Chromatin" <= 6.0], [2.0 <= "Mitoses" <= 7.0]	[Benign]	0.0	0.0	10.0	458.0
[2.0 <= "Clump_Thickness" <= 10.0], [3.0 <= "Uniformity_Of_Cell_Shape" <= 10.0], [2.0 <= "Single_Epithelial_Cell_Size" <= 9.0], [5.0 <= "Bare_Nuclei" <= 10.0], ["Bland_Chromatin" = 10.0]	[Benign]	0.0	0.0	11.0	458.0
[2.0 <= "Uniformity_Of_Cell_Size" <= 9.0], [4.0 <= "Bare_Nuclei" <= 5.0], [1.0 <= "Bland_Chromatin" <= 9.0], [2.0 <= "Normal_Nucleoli" <= 10.0], ["?" = 0.0]	[Benign]	0.0	3.0	16.0	455.0
[2.0 <= "Uniformity_Of_Cell_Size" <= 10.0], [2.0 <= "Mitoses" <= 10.0]	[Benign]	0.0	7.0	106.0	451.0
["Clump_Thickness" = 10.0], [9.0 <= "Uniformity_Of_Cell_Size" <= 10.0], [7.0 <= "Uniformity_Of_Cell_Shape" <= 10.0], [1.0 <= "Normal_Nucleoli" <= 9.0], [1.0 <= "Mitoses" <= 2.0]	[Benign]	0.0	0.0	10.0	458.0
[3.0 <= "Single_Epithelial_Cell_Size" <= 10.0], [1.0 <= "Bland_Chromatin" <= 3.0]	[Benign]	0.0	39.0	36.0	419.0
[4.0 <= "Clump_Thickness" <= 10.0], [2.0 <= "Marginal_Adhesion" <= 10.0], [8.0 <= "Single_Epithelial_Cell_Size" <= 10.0], [3.0 <= "Bland_Chromatin" <= 10.0], [2.0 <= "Mitoses" <= 10.0]	[Benign]	0.0	0.0	26.0	458.0
[1.0 <= "Uniformity_Of_Cell_Shape" <= 9.0], [1.0 <= "Marginal_Adhesion" <= 6.0], [1.0 <= "Single_Epithelial_Cell_Size" <= 5.0], [7.0 <= "Normal_Nucleoli" <= 10.0], [2.0 <= "Mitoses" <= 8.0]	[Benign]	0.0	1.0	14.0	457.0
[5.0 <= "Uniformity_Of_Cell_Size" <= 8.0], [2.0 <= "Marginal_Adhesion" <= 5.0], [7.0 <= "Bare_Nuclei" <= 10.0], [2.0 <= "Bland_Chromatin" <= 10.0], [8.0 <= "Normal_Nucleoli" <= 10.0]	[Benign]	0.0	0.0	16.0	458.0
[5.0 <= "Uniformity_Of_Cell_Shape" <= 10.0], [4.0 <= "Single_Epithelial_Cell_Size" <= 9.0], [1.0 <= "Normal_Nucleoli" <= 5.0], [1.0 <= "Mitoses" <= 6.0], ["?" = 0.0]	[Benign]	0.0	2.0	34.0	456.0
[3.0 <= "Clump_Thickness" <= 7.0], [2.0 <= "Uniformity_Of_Cell_Shape" <= 10.0], [6.0 <= "Single_Epithelial_Cell_Size" <= 10.0]	[Benign]	0.0	6.0	42.0	452.0
[2.0 <= "Uniformity_Of_Cell_Shape" <= 10.0], [1.0 <= "Single_Epithelial_Cell_Size" <= 8.0], [7.0 <= "Mitoses" <= 10.0]	[Benign]	0.0	0.0	17.0	458.0
[9.0 <= "Uniformity_Of_Cell_Size" <= 10.0], [2.0 <= "Single_Epithelial_Cell_Size" <= 10.0], [6.0 <= "Bare_Nuclei" <= 10.0], [2.0 <= "Mitoses" <= 10.0]	[Benign]	0.0	0.0	25.0	458.0
[1.0 <= "Uniformity_Of_Cell_Shape" <= 4.0], [6.0 <= "Marginal_Adhesion" <= 10.0], [2.0 <= "Bland_Chromatin" <= 10.0], [4.0 <= "Normal_Nucleoli" <= 10.0], ["?" = 0.0]	[Benign]	0.0	1.0	14.0	457.0
