=== Parameters ===
QualitiesFiles : ../datasets/BreastCancer/qualities.csv
PropertiesFiles : ../datasets/BreastCancer/properties.csv
attrType : NUMERIC
resFolder : NbIterations/BreastCancer/iter_0000050
minSupp : 10
nbLoops : 50
maxOutput : 50
maxRedundancy : 1.4
maxLength : 5
measure : WRAcc
UCB : UCBSP
refineExpand : TunedGenerator
duplicatesExpand : AMAF
pathLength : -1
refineRollOut : Large
jumpingLarge : 30
rewardPolicy : MaxPath
memoryPolicy : TopK
topKMemory : 1
updatePolicy : Max

=== Result Information ===
date : 07/12/2016 17:37
runtime(ms) : 101
nbPatterns : 26
measures : 0.19 0.18 0.15 0.13 0.11 0.06 0.05 0.02 0.01 0.01 0.00 0.00 0.00 0.00 0.00 0.00 0.00 0.00 0.00 0.00 0.00 0.00 0.00 0.00 0.00 0.00
descriptionLength : 3 4 2 4 1 1 1 5 3 3 4 2 5 5 3 4 5 3 5 5 3 3 4 5 3 4